\BOOKMARK [0][-]{chapter.1}{\376\377\000E\000s\000t\000r\000a\000t\000e\000g\000i\000a\000s\000\040\000d\000e\000\040\000B\000\372\000s\000q\000u\000e\000d\000a}{}% 1
\BOOKMARK [1][-]{section.1.1}{\376\377\000I\000n\000t\000r\000o\000d\000u\000c\000c\000i\000\363\000n\000\040\000a\000\040\000l\000a\000s\000\040\000E\000s\000t\000r\000a\000t\000e\000g\000i\000a\000s\000\040\000d\000e\000\040\000B\000\372\000s\000q\000u\000e\000d\000a\000\040\000e\000n\000\040\000I\000A}{chapter.1}% 2
\BOOKMARK [1][-]{section.1.2}{\376\377\000E\000s\000p\000e\000c\000i\000f\000i\000c\000a\000c\000i\000\363\000n\000\040\000d\000e\000\040\000P\000r\000o\000b\000l\000e\000m\000a\000s}{chapter.1}% 3
\BOOKMARK [2][-]{subsection.1.2.1}{\376\377\000S\000i\000s\000t\000e\000m\000a\000s\000\040\000d\000e\000\040\000P\000r\000o\000d\000u\000c\000c\000i\000\363\000n\000\040\000\050\000S\000P\000\051}{section.1.2}% 4
\BOOKMARK [1][-]{section.1.3}{\376\377\000E\000s\000t\000r\000a\000t\000e\000g\000i\000a\000s\000\040\000d\000e\000\040\000B\000\372\000s\000q\000u\000e\000d\000a\000\040\000B\000\341\000s\000i\000c\000a\000s}{chapter.1}% 5
\BOOKMARK [2][-]{subsection.1.3.1}{\376\377\000E\000s\000t\000r\000a\000t\000e\000g\000i\000a\000s\000\040\000I\000r\000r\000e\000v\000o\000c\000a\000b\000l\000e\000s}{section.1.3}% 6
\BOOKMARK [2][-]{subsection.1.3.2}{\376\377\000E\000s\000t\000r\000a\000t\000e\000g\000i\000a\000s\000\040\000T\000e\000n\000t\000a\000t\000i\000v\000a\000s}{section.1.3}% 7
\BOOKMARK [1][-]{section.1.4}{\376\377\000B\000\372\000s\000q\000u\000e\000d\000a\000\040\000H\000e\000u\000r\000\355\000s\000t\000i\000c\000a}{chapter.1}% 8
\BOOKMARK [2][-]{subsection.1.4.1}{\376\377\000C\000o\000n\000c\000e\000p\000t\000o\000s\000\040\000B\000\341\000s\000i\000c\000o\000s}{section.1.4}% 9
\BOOKMARK [2][-]{subsection.1.4.2}{\376\377\000A\000l\000g\000o\000r\000i\000t\000m\000o\000\040\000A\000*}{section.1.4}% 10
\BOOKMARK [1][-]{section.1.5}{\376\377\000I\000m\000p\000l\000e\000m\000e\000n\000t\000a\000c\000i\000\363\000n\000\040\000e\000n\000\040\000P\000y\000t\000h\000o\000n}{chapter.1}% 11
\BOOKMARK [1][-]{section.1.6}{\376\377\000C\000o\000m\000p\000a\000r\000a\000c\000i\000\363\000n\000\040\000d\000e\000\040\000E\000s\000t\000r\000a\000t\000e\000g\000i\000a\000s}{chapter.1}% 12
\BOOKMARK [1][-]{section.1.7}{\376\377\000T\000\351\000c\000n\000i\000c\000a\000s\000\040\000C\000o\000m\000p\000l\000e\000m\000e\000n\000t\000a\000r\000i\000a\000s}{chapter.1}% 13
\BOOKMARK [1][-]{section.1.8}{\376\377\000C\000o\000n\000c\000l\000u\000s\000i\000o\000n\000e\000s}{chapter.1}% 14
\BOOKMARK [0][-]{chapter.2}{\376\377\000B\000\372\000s\000q\000u\000e\000d\000a\000\040\000e\000n\000\040\000J\000u\000e\000g\000o\000s\000\040\000y\000\040\000S\000a\000t\000i\000s\000f\000a\000c\000c\000i\000\363\000n\000\040\000d\000e\000\040\000R\000e\000s\000t\000r\000i\000c\000c\000i\000o\000n\000e\000s}{}% 15
\BOOKMARK [1][-]{section.2.1}{\376\377\000I\000n\000t\000r\000o\000d\000u\000c\000c\000i\000\363\000n\000\040\000a\000\040\000l\000a\000\040\000B\000\372\000s\000q\000u\000e\000d\000a\000\040\000e\000n\000\040\000J\000u\000e\000g\000o\000s}{chapter.2}% 16
\BOOKMARK [2][-]{subsection.2.1.1}{\376\377\000H\000i\000s\000t\000o\000r\000i\000a\000\040\000y\000\040\000E\000v\000o\000l\000u\000c\000i\000\363\000n}{section.2.1}% 17
\BOOKMARK [2][-]{subsection.2.1.2}{\376\377\000C\000o\000m\000p\000l\000e\000j\000i\000d\000a\000d\000\040\000C\000o\000m\000p\000u\000t\000a\000c\000i\000o\000n\000a\000l\000\040\000e\000n\000\040\000J\000u\000e\000g\000o\000s}{section.2.1}% 18
\BOOKMARK [1][-]{section.2.2}{\376\377\000R\000e\000p\000r\000e\000s\000e\000n\000t\000a\000c\000i\000\363\000n\000\040\000d\000e\000\040\000J\000u\000e\000g\000o\000s\000\040\000c\000o\000m\000o\000\040\000P\000r\000o\000b\000l\000e\000m\000a\000s\000\040\000d\000e\000\040\000B\000\372\000s\000q\000u\000e\000d\000a}{chapter.2}% 19
\BOOKMARK [1][-]{section.2.3}{\376\377\000A\000l\000g\000o\000r\000i\000t\000m\000o\000\040\000M\000i\000n\000i\000M\000a\000x}{chapter.2}% 20
\BOOKMARK [2][-]{subsection.2.3.1}{\376\377\000P\000r\000i\000n\000c\000i\000p\000i\000o\000\040\000d\000e\000\040\000F\000u\000n\000c\000i\000o\000n\000a\000m\000i\000e\000n\000t\000o}{section.2.3}% 21
\BOOKMARK [2][-]{subsection.2.3.2}{\376\377\000I\000m\000p\000l\000e\000m\000e\000n\000t\000a\000c\000i\000\363\000n\000\040\000e\000n\000\040\000P\000s\000e\000u\000d\000o\000c\000\363\000d\000i\000g\000o}{section.2.3}% 22
\BOOKMARK [1][-]{section.2.4}{\376\377\000P\000o\000d\000a\000\040\000A\000l\000f\000a\000-\000B\000e\000t\000a}{chapter.2}% 23
\BOOKMARK [2][-]{subsection.2.4.1}{\376\377\000P\000r\000i\000n\000c\000i\000p\000i\000o\000\040\000d\000e\000\040\000F\000u\000n\000c\000i\000o\000n\000a\000m\000i\000e\000n\000t\000o}{section.2.4}% 24
\BOOKMARK [2][-]{subsection.2.4.2}{\376\377\000I\000m\000p\000l\000e\000m\000e\000n\000t\000a\000c\000i\000\363\000n\000\040\000e\000n\000\040\000P\000s\000e\000u\000d\000o\000c\000\363\000d\000i\000g\000o}{section.2.4}% 25
\BOOKMARK [1][-]{section.2.5}{\376\377\000T\000\351\000c\000n\000i\000c\000a\000s\000\040\000A\000v\000a\000n\000z\000a\000d\000a\000s\000\040\000e\000n\000\040\000B\000\372\000s\000q\000u\000e\000d\000a\000\040\000d\000e\000\040\000J\000u\000e\000g\000o\000s}{chapter.2}% 26
\BOOKMARK [2][-]{subsection.2.5.1}{\376\377\000T\000a\000b\000l\000a\000s\000\040\000d\000e\000\040\000T\000r\000a\000n\000s\000p\000o\000s\000i\000c\000i\000\363\000n}{section.2.5}% 27
\BOOKMARK [2][-]{subsection.2.5.2}{\376\377\000B\000\372\000s\000q\000u\000e\000d\000a\000\040\000c\000o\000n\000\040\000P\000r\000o\000f\000u\000n\000d\000i\000z\000a\000c\000i\000\363\000n\000\040\000I\000t\000e\000r\000a\000t\000i\000v\000a}{section.2.5}% 28
\BOOKMARK [2][-]{subsection.2.5.3}{\376\377\000M\000o\000v\000i\000m\000i\000e\000n\000t\000o\000s\000\040\000d\000e\000\040\000A\000p\000e\000r\000t\000u\000r\000a}{section.2.5}% 29
\BOOKMARK [2][-]{subsection.2.5.4}{\376\377\000F\000u\000n\000c\000i\000\363\000n\000\040\000d\000e\000\040\000E\000v\000a\000l\000u\000a\000c\000i\000\363\000n}{section.2.5}% 30
\BOOKMARK [1][-]{section.2.6}{\376\377\000J\000u\000e\000g\000o\000s\000\040\000c\000o\000n\000\040\000I\000n\000f\000o\000r\000m\000a\000c\000i\000\363\000n\000\040\000I\000m\000p\000e\000r\000f\000e\000c\000t\000a}{chapter.2}% 31
\BOOKMARK [1][-]{section.2.7}{\376\377\000S\000a\000t\000i\000s\000f\000a\000c\000c\000i\000\363\000n\000\040\000d\000e\000\040\000R\000e\000s\000t\000r\000i\000c\000c\000i\000o\000n\000e\000s\000\040\000\050\000C\000S\000P\000\051}{chapter.2}% 32
\BOOKMARK [2][-]{subsection.2.7.1}{\376\377\000D\000e\000f\000i\000n\000i\000c\000i\000\363\000n\000\040\000F\000o\000r\000m\000a\000l}{section.2.7}% 33
\BOOKMARK [2][-]{subsection.2.7.2}{\376\377\000T\000\351\000c\000n\000i\000c\000a\000s\000\040\000d\000e\000\040\000R\000e\000s\000o\000l\000u\000c\000i\000\363\000n}{section.2.7}% 34
\BOOKMARK [1][-]{section.2.8}{\376\377\000A\000p\000l\000i\000c\000a\000c\000i\000o\000n\000e\000s\000\040\000P\000r\000\341\000c\000t\000i\000c\000a\000s}{chapter.2}% 35
\BOOKMARK [1][-]{section.2.9}{\376\377\000T\000e\000n\000d\000e\000n\000c\000i\000a\000s\000\040\000A\000c\000t\000u\000a\000l\000e\000s\000\040\000y\000\040\000F\000u\000t\000u\000r\000a\000s}{chapter.2}% 36
\BOOKMARK [1][-]{section.2.10}{\376\377\000C\000o\000n\000c\000l\000u\000s\000i\000o\000n\000e\000s}{chapter.2}% 37
\BOOKMARK [0][-]{chapter.3}{\376\377\000B\000\372\000s\000q\000u\000e\000d\000a\000\040\000e\000n\000\040\000p\000r\000o\000b\000l\000e\000m\000a\000s\000\040\000d\000e\000\040\000S\000a\000t\000i\000s\000f\000a\000c\000c\000i\000\363\000n\000\040\000d\000e\000\040\000R\000e\000s\000t\000r\000i\000c\000c\000i\000o\000n\000e\000s}{}% 38
\BOOKMARK [1][-]{section.3.1}{\376\377\000B\000\372\000s\000q\000u\000e\000d\000a\000\040\000e\000n\000\040\000p\000r\000o\000b\000l\000e\000m\000a\000s\000\040\000d\000e\000\040\000S\000a\000t\000i\000s\000f\000a\000c\000c\000i\000\363\000n\000\040\000d\000e\000\040\000R\000e\000s\000t\000r\000i\000c\000c\000i\000o\000n\000e\000s}{chapter.3}% 39
\BOOKMARK [2][-]{subsection.3.1.1}{\376\377\000D\000e\000f\000i\000n\000i\000c\000i\000\363\000n\000\040\000y\000\040\000C\000o\000n\000c\000e\000p\000t\000o\000s\000\040\000B\000\341\000s\000i\000c\000o\000s}{section.3.1}% 40
\BOOKMARK [2][-]{subsection.3.1.2}{\376\377\000R\000e\000p\000r\000e\000s\000e\000n\000t\000a\000c\000i\000\363\000n\000\040\000d\000e\000\040\000C\000S\000P\000s}{section.3.1}% 41
\BOOKMARK [2][-]{subsection.3.1.3}{\376\377\000M\000\351\000t\000o\000d\000o\000s\000\040\000d\000e\000\040\000R\000e\000s\000o\000l\000u\000c\000i\000\363\000n}{section.3.1}% 42
\BOOKMARK [2][-]{subsection.3.1.4}{\376\377\000H\000e\000u\000r\000\355\000s\000t\000i\000c\000a\000s}{section.3.1}% 43
\BOOKMARK [2][-]{subsection.3.1.5}{\376\377\000A\000p\000l\000i\000c\000a\000c\000i\000o\000n\000e\000s\000\040\000P\000r\000\341\000c\000t\000i\000c\000a\000s}{section.3.1}% 44
\BOOKMARK [2][-]{subsection.3.1.6}{\376\377\000C\000o\000n\000c\000l\000u\000s\000i\000\363\000n}{section.3.1}% 45
\BOOKMARK [0][-]{chapter.4}{\376\377\000I\000n\000t\000r\000o\000d\000u\000c\000c\000i\000\363\000n\000\040\000S\000i\000s\000t\000e\000m\000a\000s\000\040\000E\000x\000p\000e\000r\000t\000o\000s}{}% 46
