/var/log/installer/status: The Debian project digitally signs its Release files. This package
/var/log/installer/status: It can be used to encrypt data and to create digital signatures.
/var/log/installer/syslog:Oct  3 07:31:31 in-target: Get:56 cdrom://[Debian GNU/Linux 12.7.0 _Bookworm_ - Official amd64 NETINST with firmware 20240831-10:38] bookworm/main amd64 librtmp1 amd64 2.4+20151223.gitfa8646d.1-2+b2 [60.8 kB]
/var/log/installer/syslog:Oct  3 07:31:31 in-target: Get:63 cdrom://[Debian GNU/Linux 12.7.0 _Bookworm_ - Official amd64 NETINST with firmware 20240831-10:38] bookworm/main amd64 libyuv0 amd64 0.0~git20230123.b2528b0-1 [168 kB]
/var/log/installer/syslog:Oct  3 07:37:25 in-target: Get:485 http://deb.debian.org/debian bookworm/main amd64 libx264-164 amd64 2:0.164.3095+gitbaee400-3 [547 kB]
/var/log/installer/syslog:Oct  3 07:37:50 in-target: Get:526 http://deb.debian.org/debian bookworm/main amd64 libldacbt-enc2 amd64 2.0.2.3+git20200429+ed310a0-4 [24.6 kB]
/var/log/installer/syslog:Oct  3 07:37:51 in-target: Get:528 http://deb.debian.org/debian bookworm/main amd64 libsord-0-0 amd64 0.16.14+git221008-1 [20.8 kB]
/var/log/installer/syslog:Oct  3 07:38:44 in-target: Get:668 http://deb.debian.org/debian bookworm/main amd64 libldacbt-abr2 amd64 2.0.2.3+git20200429+ed310a0-4 [5,152 B]
/var/log/installer/syslog:Oct  3 07:42:16 in-target: Get:1287 http://deb.debian.org/debian bookworm/main amd64 libjxr0 amd64 1.2~git20170615.f752187-5 [162 kB]
/var/log/installer/syslog:Oct  3 07:42:16 in-target: Get:1288 http://deb.debian.org/debian bookworm/main amd64 libjxr-tools amd64 1.2~git20170615.f752187-5 [17.3 kB]
/var/log/installer/syslog:Oct  3 07:43:09 in-target: Get:1369 http://deb.debian.org/debian bookworm/main amd64 xserver-xorg-video-qxl amd64 0.1.5+git20200331-3 [83.7 kB]
/var/log/installer/syslog:Oct  3 07:43:09 in-target: Get:1370 http://deb.debian.org/debian bookworm/main amd64 xserver-xorg-video-intel amd64 2:2.99.917+git20210115-1 [1,642 kB]
/var/log/installer/syslog:Oct  3 07:43:45 in-target: Preparing to unpack .../0011-librtmp1_2.4+20151223.gitfa8646d.1-2+b2_amd64.deb ...^M
/var/log/installer/syslog:Oct  3 07:43:45 in-target: Unpacking librtmp1:amd64 (2.4+20151223.gitfa8646d.1-2+b2) ...^M
/var/log/installer/syslog:Oct  3 07:43:46 in-target: Preparing to unpack .../0019-libyuv0_0.0~git20230123.b2528b0-1_amd64.deb ...^M
/var/log/installer/syslog:Oct  3 07:43:46 in-target: Unpacking libyuv0:amd64 (0.0~git20230123.b2528b0-1) ...^M
/var/log/installer/syslog:Oct  3 07:44:15 in-target: Preparing to unpack .../0279-libx264-164_2%3a0.164.3095+gitbaee400-3_amd64.deb ...^M
/var/log/installer/syslog:Oct  3 07:44:15 in-target: Unpacking libx264-164:amd64 (2:0.164.3095+gitbaee400-3) ...^M
/var/log/installer/syslog:Oct  3 07:44:21 in-target: Preparing to unpack .../0325-libldacbt-enc2_2.0.2.3+git20200429+ed310a0-4_amd64.deb ...^M
/var/log/installer/syslog:Oct  3 07:44:21 in-target: Unpacking libldacbt-enc2:amd64 (2.0.2.3+git20200429+ed310a0-4) ...^M
/var/log/installer/syslog:Oct  3 07:44:21 in-target: Preparing to unpack .../0327-libsord-0-0_0.16.14+git221008-1_amd64.deb ...^M
/var/log/installer/syslog:Oct  3 07:44:21 in-target: Unpacking libsord-0-0:amd64 (0.16.14+git221008-1) ...^M
/var/log/installer/syslog:Oct  3 07:44:35 in-target: Preparing to unpack .../0475-libldacbt-abr2_2.0.2.3+git20200429+ed310a0-4_amd64.deb ...^M
/var/log/installer/syslog:Oct  3 07:44:35 in-target: Unpacking libldacbt-abr2:amd64 (2.0.2.3+git20200429+ed310a0-4) ...^M
/var/log/installer/syslog:Oct  3 07:46:14 in-target: Preparing to unpack .../1176-libjxr0_1.2~git20170615.f752187-5_amd64.deb ...^M
/var/log/installer/syslog:Oct  3 07:46:14 in-target: Unpacking libjxr0:amd64 (1.2~git20170615.f752187-5) ...^M
/var/log/installer/syslog:Oct  3 07:46:14 in-target: Preparing to unpack .../1177-libjxr-tools_1.2~git20170615.f752187-5_amd64.deb ...
/var/log/installer/syslog:Oct  3 07:46:14 in-target: Unpacking libjxr-tools (1.2~git20170615.f752187-5) ...
/var/log/installer/syslog:Oct  3 07:46:29 in-target: Preparing to unpack .../1271-xserver-xorg-video-qxl_0.1.5+git20200331-3_amd64.deb ...^M
/var/log/installer/syslog:Oct  3 07:46:29 in-target: Unpacking xserver-xorg-video-qxl (0.1.5+git20200331-3) ...^M
/var/log/installer/syslog:Oct  3 07:46:29 in-target: Preparing to unpack .../1272-xserver-xorg-video-intel_2%3a2.99.917+git20210115-1_amd64.deb ...^M
/var/log/installer/syslog:Oct  3 07:46:29 in-target: Unpacking xserver-xorg-video-intel (2:2.99.917+git20210115-1) ...^M
/var/log/installer/syslog:Oct  3 07:46:35 in-target: Setting up libx264-164:amd64 (2:0.164.3095+gitbaee400-3) ...^M
/var/log/installer/syslog:Oct  3 07:46:37 in-target: Setting up libjxr0:amd64 (1.2~git20170615.f752187-5) ...^M
/var/log/installer/syslog:Oct  3 07:46:38 in-target: Setting up libldacbt-enc2:amd64 (2.0.2.3+git20200429+ed310a0-4) ...^M
/var/log/installer/syslog:Oct  3 07:46:41 in-target: Setting up librtmp1:amd64 (2.4+20151223.gitfa8646d.1-2+b2) ...^M
/var/log/installer/syslog:Oct  3 07:46:43 in-target: Setting up libldacbt-abr2:amd64 (2.0.2.3+git20200429+ed310a0-4) ...^M
/var/log/installer/syslog:Oct  3 07:46:45 in-target: Setting up libyuv0:amd64 (0.0~git20230123.b2528b0-1) ...^M
/var/log/installer/syslog:Oct  3 07:46:47 in-target: Setting up libjxr-tools (1.2~git20170615.f752187-5) ...^M
/var/log/installer/syslog:Oct  3 07:46:55 in-target: Setting up libsord-0-0:amd64 (0.16.14+git221008-1) ...^M
/var/log/installer/syslog:Oct  3 07:47:23 in-target: Setting up xserver-xorg-video-intel (2:2.99.917+git20210115-1) ...^M
/var/log/installer/syslog:Oct  3 07:47:26 in-target: Setting up xserver-xorg-video-qxl (0.1.5+git20200331-3) ...^M
/var/log/installer/cdebconf/templates.dat:Extended_description-eo.UTF-8: Ĉiuj bezonataj instalpakoj por kompletigi la instalon estos aŭtomate ŝargitaj kaj ne estas menciataj tie ĉi. Aliaj negravaj instalpakoj (opciaj) estas menciataj sube. Ili verŝajne ne nepras, sed povus interesigi kelkajn uzantojn.\n\nBonvolu rimarki ke se vi elektas instalpakon kiu postulas aliajn, ankaŭ tiuj estos ŝargitaj.
/var/log/installer/cdebconf/templates.dat:Extended_description-eo.UTF-8: Por ŝpari memorspacon, nur nepre bezonataj instalpakoj estas implicite elektitaj. Oni ne bezonas la aliajn instalpakojn por baza instalado. Tamen, kelkaj el ili povus interesigi vin, interalie tiuj kernaj moduloj. Vi zorge rigardu la liston por elekti tiujn, kiujn vi bezonos.\n\nBonvolu rimarki ke se vi elektas instalpakon kiu postulas aliajn, ankaŭ tiuj estos ŝargitaj.
/var/log/installer/cdebconf/templates.dat:Extended_description-eu.UTF-8: Zenbait software Debian-ekin lan egiteko garatuak izan dira. Baina nahiz software hauek librea izan, libreak ez diren softwareak behar dituzte. Nahiz eta software hauek Debian-ekoak ez izan, Debian-en tresna arruntak erabili daitezke hauek instalatzeko.\n\nAukeratu software hauek eskuragarri izan nahi dituzun ala ez.
/var/log/installer/cdebconf/templates.dat:Extended_description-eo.UTF-8: Apriore kodumaraj deponejoj estas enlistigitaj en /etc/apt/sources.list (kun konvena "deb-src" linioj) por ke "apt-get source" funkciu. Tamen, se vi ne bezonas ĉi tiun funkcion, vi povas malebligi tiujn enirojn kaj ŝpari iom da reto-trafiko dum operacioj "apt-get update".
/var/log/installer/cdebconf/templates.dat:Extended_description-eu.UTF-8: Libreak ez diren zenbait software Debian-ekin lan egiteko garatu izan dira. Nahiz eta software hauek Debian-eko erabateko zati ez izan, Debian-en tresnak erabil daitezke hauek instalatzeko. Software hauek lizentzia desberdinak eduki ditzakete eta software hauek erabiltzea, eraldatzea edo partekatzeko eskubidea debeka dezakete.\n\nAukeratu eskuragarri izan nahi dituzun edo ez.
/var/log/installer/cdebconf/templates.dat:Description-eu.UTF-8: Argitalpen eguneraketen biltegiak aztertzen...
/var/log/installer/cdebconf/templates.dat:Extended_description-ca.UTF-8: No s'ha pogut accedir al dipòsit en ${HOST} així que les seues actualitzacions no estaran disponibles ara mateix. Hauríeu d'investigar això més tard.\n\nS'han afegit entrades comentades per a ${HOST} al fitxer /etc/apt/sources.list.
/var/log/installer/cdebconf/templates.dat:Choices-eu.UTF-8: Segurtasun eguneraketak (${SEC_HOST}(e)tik), argitalpen eguneraketak, Atzerako egokitzapenen softwarea
/var/log/installer/cdebconf/templates.dat:Extended_description-eu.UTF-8: Debian-ek bi zerbitzu ditu argitalpenak eguneratzeko: segurtasuna eta argitalpen eguneraketak.\n\nSegurtasun eguneraketek sistema erasoen aurrean babesten laguntzen dute. Zerbitzu hau gaitzea biziki gomendatzen da.\n\nArgitalpen eguneraketek maiztasun handiz aldatzen diren eta azken bertsioa ez izateak erabilgarritasuna murrizten duen software eguneraketak eskaintzen dituzte. Adibidez birusen sinadurak birus-arakatzaile batentzat. Zerbitzu hau stable (egonkor) eta oldstable (egonkor-zaharra) banaketan soilik erabilgarri dago.\n\nAtzerako egokitzapenen softwarea garapeneko bertsiotik moldatuta dago sistemaren argitalpen-bertsio honekin funtzionatu ahal izateko. Nahiz eta erabat probatu gabe egon (sistemaren argitalpenekoarekin konparatuz), erabilgarriak izan daitezkeen eginbideak eskaintzen dituzten aplikazio batzuen bertsio berriagoak ditu. Atzerako egokitzapenak gaitzean horietarikoak ez dira lehenetsi gisa instalatuko; erabiliko diren atzerako egokitzapenen biltegiak soilik eskuz hautatzea baimenduko dizu.
/var/log/installer/cdebconf/templates.dat:Extended_description-oc.UTF-8: Debian a dos servicis per provesir de mesas a jorn de la distribucion : las mesas a jorn de seguretat e las de version.\n\nLas mesas a jorn de seguretat (depaus « security ») permeton de conservar un sistèma protegit contra los atacs. Es fòrtament recomandat de l'activar.\n\nLas mesas a jorn de version ofrisson las versions mai actualas dels logicials que càmbian pro sovent e aver pas las darrièras version poiriá menar a mens d'estabilitat. Aqueste servici es pas disponible que per las brancas « stable » e « oldstable ».\n\nD'unes logicials son estats portats a partir de las brancas de desvolopament per poder foncionar amb aquesta version de la distribucion. Mentre qu'aquestes logicials foguèsson pas estats ensajats tant menimosament coma los de la distribucion, pòdon inclure de versions novèlas d'unas aplicacions que compòrtan de foncionalitats utilas.
/var/log/installer/cdebconf/templates.dat:Extended_description-sv.UTF-8: Debian har två tjänster som tillhandahåller uppdateringar till utgåvor: security (säkerhet) och release updates (utgåveuppdateringar).\n\nSäkerhetsuppdateringar hjälper dig att hålla ditt system säkert mot attacker. Aktivering av den här tjänsten rekommenderas starkt.\n\nUtgåveuppdateringar tillhandahåller mer aktuella versioner för programvara som ändras relativt frekvent och innebörden att inte ha den senaste versionen kan minska användbarheten för programvaran. Förrådet tillhandahåller också regressionskorrigeringar. Den här tjänsten är endast tillgänglig för stabila utgåvor ("stable" och "oldstable").\n\nBakåtporterad programvara har tagits från utvecklingsträdet och anpassats för att fungera med den här utgåvan. Även om den här programvaran inte har genomgått lika kompletta tester som de andra paketen i utgåvan inkluderar den nyare versioner av vissa program som kan tillhandahålla användbara funktioner. Aktivering av bakåtporteringar innebär inte att dessa installeras som standard, det innebär bara att du kan välja att installera de bakåtporteringar som önskas.
/var/log/installer/cdebconf/templates.dat:Extended_description-eu.UTF-8: Zerrenda honek tresna erabilgarriak eskaintzen ditu. Zein aukeratu ziur ez egonez gero, lehenetsia aukeratu beharko zenuke. Sistemak huts egiten badu abiaraztean, saiatu berriro instalazioa bestelako aukerak erabiliz.
/var/log/installer/cdebconf/templates.dat:Extended_description-nb.UTF-8: Fant ingen installerbare kjerner i de angitte apt-kildene.\n\nDu kan forsøke å fortsette uten en kjerne, og installere din egen kjerne manuelt senere. Dette anbefales bare for eksperter, ellers vil du nok få en maskin som ikke kan startes.
/var/log/installer/cdebconf/templates.dat:Extended_description-no.UTF-8: Fant ingen installerbare kjerner i de angitte apt-kildene.\n\nDu kan forsøke å fortsette uten en kjerne, og installere din egen kjerne manuelt senere. Dette anbefales bare for eksperter, ellers vil du nok få en maskin som ikke kan startes.
/var/log/installer/cdebconf/templates.dat:Extended_description-eu.UTF-8: Huts egin du argitalpenaren kode-izena zehaztean.
/var/log/installer/cdebconf/templates.dat:Description-et.UTF-8: /target külge pole failisüsteemi haagitud
/var/log/installer/cdebconf/templates.dat:Extended_description-eo.UTF-8: La instalado al la dosiersistemo '/target' estis nuligita. Vi devas retroiri por forviŝi aŭ strukturigi tiun dosiersistemon antaŭ ol daŭrigi la instalprocezon.
/var/log/installer/cdebconf/templates.dat:Extended_description-eo.UTF-8: La alcelita dosiersistemo enhavas antaŭe instalitajn dosierojn. Ili eble problemigos la instaladan procezon, kaj se vi daŭrigas, kelkaj el la ekzistantaj dosieroj povos esti anstataŭigitaj.
/var/log/installer/cdebconf/templates.dat:Extended_description-nb.UTF-8: Vellykket integitetssjekk. Installasjonsmediet er feilfritt.
/var/log/installer/cdebconf/templates.dat:Extended_description-no.UTF-8: Vellykket integitetssjekk. Installasjonsmediet er feilfritt.
/var/log/installer/cdebconf/templates.dat:Extended_description-eo.UTF-8: La instala aŭdovidaĵo ŝajne ne enhavas validan dosieron 'Release', aŭ tiu dosiero ne povis esti legita korekte.\n\nVi povas reprovi la detekton de aŭdovidaĵo. Tamen se ĝi sukcesos dum la dua provo, vi povos trovi malfacilaĵojn dum la venonta parto de la instalado.
/var/log/installer/cdebconf/templates.dat:Extended_description-eo.UTF-8: Ŝajnas ke via instal-medio estas generita per UNetbootin. UNetbootin estas ordinare ligita al malfacilaj aŭ nereprodukteblaj problem-raportoj de uzantoj; se vi spertas problemojn uzanta tiun ĉi instal-medion, bonvolu provu reinstali sen uzi UNetbootin antaŭ ol raporti problemojn.\n\nLa instala gvidilo enhavas pli da informo pri kiel krei instal-medion USB rekte sen UNetbootin.
/var/log/installer/cdebconf/templates.dat:Description-eu.UTF-8: <Tab> mugitzeko; <Zuriunea> hautatzeko; <Sartu> botoiak aktibatzeko
/var/log/installer/cdebconf/templates.dat:Description-eu.UTF-8: <F1> Laguntza; <Tab> mugitzeko; <Zuriunea> hautatzeko; <Sartu> aktibatzeko
/var/log/installer/cdebconf/templates.dat:Extended_description-eu.UTF-8: Konfiguratzeko debconf erabiltzen duten paketeek zuri egiteko galderen lehentasun maila erabakitzen dute. Lehentasun maila bateko edo altuagoko galderak bakarrik erakusten zaizkizu; garrantzi baxuagokoak saltatu egiten dira.\n\nIkusi nahi duzun galderaren gutxieneko lehentasuna hautatu dezakezu:\n - 'kritikoa' erabiltzaileak parte hartu ezean ziurrenik sistema\n    hondatuko duten elementuetarako da.\n - 'altua' zentzuzko ezarpen lehenetsirik ez duten elementuetarako da.\n - 'tartekoa' zentzuzko ezarpen lehenetsiak dituzten elementuetarako da.\n - 'baxua' kasu gehienetan funtzionatzen duten ezarpen lehenetsiak\n   dituzten elementu arruntetarako da.\n\nAdibidez, galdera hau tarteko lehentasunekoa da, eta zure lehentasuna 'altua' edo 'kritikoa' bada, ez duzu galdera hau ikusiko.
/var/log/installer/cdebconf/templates.dat:Extended_description-tl.UTF-8: Kailangan munang tapusin ang isa o mahigit pang hakbang bago maisakatuparan ang hakbang na ito sa pagluklok.
/var/log/installer/cdebconf/templates.dat:Description-tl.UTF-8: Isaayos ang network sa pamamagitan ng static address
/var/log/installer/cdebconf/templates.dat:Extended_description-et.UTF-8: Pärast seda teadet jooksutad sa "ash"-i, Bourne-kesta klooni.\n\nJuurfailisüsteem on RAM-kettal. Kõvaketta failisüsteemid on haagitud "/target" alla. Saadaval on väike ja lihtne tekstitoimeti nano. Mingi ülevaate saadaolevatest Unixi tööriistadest annab käsk "help".\n\nPaigaldaja menüüsse naasmiseks kasuta käsku "exit".
/var/log/installer/cdebconf/templates.dat:Extended_description-eu.UTF-8: Ordenagailua EFI bidez abiatzeko konfiguratuta dagoela dirudi arren, baliteke konfigurazio horrek balio ez izatea disko gogorretik abiatzeko. EFI firmware batzuk ez dute EFI zehaztapena jarraitzen (adib., akastunak dira!) eta ez dute disko gogorretako abioko aukeren konfigurazioa modu egoki batean onartzen.\n\nArazo honi irtenbide bat emateko instalatu GRUB abioko kargatzailearen EFI bertsioa babeseko abioaren kokaleku batean: "euskarri aldagarriaren bide-izena". Ia EFI sistema guztiek (berdin dio haien akats-tasa) abiaraziko dute GRUB modu horretan.\n\nKontuz: instalatzaileak huts egiten badu babeseko abioa erabiltzen duen ordenagailuko beste sistema eragile bat detektatzean, GRUB han instalatzean sistema eragile hori ez abiarazteko moduan utziko du, nahiz eta gero GRUB eskuz konfiguratu ahal izango duzun hura abiarazteko.
/var/log/installer/cdebconf/templates.dat:Extended_description-it.UTF-8: Inserire nuovamente la stessa password di GRUB per verificare che sia stata digitata correttamente.
/var/log/installer/cdebconf/templates.dat:Extended_description-pt_BR.UTF-8: Por favor, informe novamente a mesma senha para o GRUB para verificar se você digitou-a corretamente.
/var/log/installer/cdebconf/templates.dat:Extended_description-eo.UTF-8: Kelko el via aparataro bezonas neliberajn mikrokodumajn dosierojn por funkcii. La mikrokodumaro povas esti ŝargita el demetebla datumportilo, kiel ekzemple USB-datumarujo aŭ fleksebla disketo.\n\nLa mankantaj mikrokodumaj dosieroj estas: ${FILES}\n\nSe tia datumportilo disponeblas nun, enmetu ĝin kaj daŭrigu.
/var/log/installer/cdebconf/templates.dat:Description-eu.UTF-8: AltGr funtzioa egiteko tekla:
/var/log/installer/cdebconf/templates.dat:Extended_description-eu.UTF-8: Lehenetsi gisa, Ktrl+Alt+Atzera tekla konbinazioak ez du ezer egiten. Nahi baduzu, X zerbitzaria amaitzeko erabil daiteke.
/var/log/installer/cdebconf/templates.dat:Extended_description-eu.UTF-8: Teklatuaren diseinua aldatu egiten da herrialdearen arabera, herrialde batzuk diseinu desberdinak erabiltzen dituzte. Hautatu ordenagailuko teklatuaren jatorrizko herrialdea.
/var/log/installer/cdebconf/templates.dat:Extended_description-eu.UTF-8: Kasu batzuetan teklatua modu nazionalean egonik Latin letra gutxi batzuk idatzi nahi izatea gerta daiteke. Halakoetan desiragarria da nazio eta latin arteko uneko aldaketa egiteko tekla bat izatea. Modu nazionalean gaudelarik tekla hau sakatzean teklatuak latin letrak idatziko ditu eta alderantziz; teklatua latin moduan dagoenean tekla hau sakatuz letra nazionalak idatziko ditu.\n\nEginbide hau desgaitu dezakezu "Aldi baterako aldaketarik ez" aukeratuz.
/var/log/installer/cdebconf/templates.dat:Extended_description-pt_BR.UTF-8: Quando o teclado está no modo nacional e você quiser digitar apenas umas poucas letras Latin, pode ser mais apropriado alternar temporariamente para o modo Latin. O teclado permanecerá neste modo enquanto a tecla escolhida for mantida pressionada. Esta tecla também pode ser usada para introduzir letras nacionais quando o teclado está em modo Latin.\n\nVocê pode desabilitar este recurso escolhendo "Sem alternador temporário".
/var/log/installer/cdebconf/templates.dat:Extended_description-nn.UTF-8: Du treng ein måte å skifte tastaturet mellom nasjonal utforming og standard latinsk utforming.\n\nHøgre Alt eller Caps Lock blir ofte brukt av ergonomiske grunnar (i det siste tilfellet bruk kombinasjonen Shift + Caps Lock for vanleg Caps-oppførsel). Alt+Shift er òg ein vanleg kombinasjon, men den mister den vanlege oppførselen i Emacs og andre program som bruker den av særskilde grunnar.\n\nIkkje alle oppgitte tastar finst på alle tastatur.
/var/log/installer/cdebconf/templates.dat:Choices-it.UTF-8: Algeria, Angola, Benin, Botswana, Burkina Faso, Burundi, Capo Verde, Camerun, Repubblica Centrafricana, Ciad, Congo, Repubblica democratica del Congo, Costa d'Avorio, Gibuti, Egitto, Guinea equatoriale, Eritrea, Eswatini, Etiopia, Gabon, Gambia, Ghana, Guinea, Guinea-Bissau, Kenya, Lesotho, Liberia, Libia, Malawi, Mali, Mauritania, Marocco, Mozambico, Namibia, Niger, Nigeria, Ruanda, São Tomé e Príncipe, Senegal, Sierra Leone, Somalia, Sudafrica, Sudan del sud, Sudan, Tanzania, Togo, Tunisia, Uganda, Sahara occidentale, Zambia, Zimbabwe
/var/log/installer/cdebconf/templates.dat:Choices-pt.UTF-8: Argélia, Angola, Benim, Botsuana, Burkina Faso, Burundi, Cabo Verde, Camarões, República Centro-Africana, Chade, Congo, Congo\, República Democrática do, Costa do Marfim, Djibouti, Egito, Guiné Equatorial, Eritreia, Suazilândia, Etiópia, Gabão, Gâmbia, Gana, Guiné, Guiné-Bissáu, Quénia, Lesoto, Libéria, Líbia, Malawi, Mali, Mauritânia, Marrocos, Moçambique, Namíbia, Níger, Nigéria, Ruanda, São Tomé e Príncipe, Senegal, Serra Leoa, Somália, África do Sul, Sudão do Sul, Sudão, Tanzânia, Togo, Tunísia, Uganda, Saara Ocidental, Zâmbia, Zimbábue
/var/log/installer/cdebconf/templates.dat:Choices-pt_BR.UTF-8: Argélia, Angola, Benin, Botsuana, Burquina, Burundi, Cabo Verde, Camarões, República Centro-Africana, Chade, Congo, Congo\, República Democrática do, Costa do Marfim, Djibuti, Egito, Guiné Equatorial, Eritréia, Suazilândia, Etiópia, Gabão, Gâmbia, Gana, Guiné, Guiné-Bissau, Quênia, Lesoto, Libéria, Líbia, Malaui, Mali, Mauritânia, Marrocos, Moçambique, Namíbia, Níger, Nigéria, Ruanda, São Tomé e Príncipe, Senegal, Serra Leoa, Somália, África do Sul, Sudão do Sul, Sudão, Tanzânia, Togo, Tunísia, Uganda, Saara Ocidental, Zâmbia, Zimbábue
/var/log/installer/cdebconf/templates.dat:Choices-tl.UTF-8: Alheriya, Anggola, Benin, Botswana, Burkina Faso, Burundi, Cabo Verde, Kamerun, Republikang Panggitnang Aprika, Tsad, Congo, Congo\, Ang Demokratikong Republika ng, Côte d'Ivoire, Djibouti, Ehipto, Equatorial Guinea, Eritrea, Eswatini, Ethiopia, Gabon, Gambia, Ghana, Guinea, Guinea-Bissau, Kenya, Lesotho, Liberia, Libya, Malawi, Mali, Mauritania, Morocco, Mozambique, Namibia, Niger, Nigeria, Rwanda, Sao Tome at Principe, Senegal, Sierra Leone, Somalia, Timog Aprika, Timog Sudan, Sudan, Tanzania, Togo, Tunisia, Uganda, Kanlurang Sahara, Zambia, Zimbabwe
/var/log/installer/cdebconf/templates.dat:Choices-pt_BR.UTF-8: digitar informação manualmente, Argentina, Armênia, Austrália, Áustria, Bielo-Rússia, Bélgica, Brasil, Bulgária, Camboja, Canadá, Chile, China, Costa Rica, Croácia, Chéquia, Dinamarca, Estônia, Finlândia, França, Geórgia, Alemanha, Grécia, Hong Kong, Hungria, Islândia, Índia, Indonésia, Iran, Israel, Itália, Japão, Cazaquistão, Quênia, Letônia, Lituânia, Luxemburgo, México, Moldávia, Marrocos, Países Baixos, Nova Caledônia, Nova Zelândia, Macedônia do Norte, Noruega, Polônia, Portugal, Romênia, Federação Russa, Reunião, Sérvia, Cingapura, Eslováquia, Eslovênia, África do Sul, Coreia do Sul, Espanha, Suécia, Suíça, Taiwan, Tailândia, Turquia, Ucrânia, Reino Unido, Estados Unidos, Uruguai, Vietnã
/var/log/installer/cdebconf/templates.dat:Choices-pt_BR.UTF-8: digitar informação manualmente
/var/log/installer/cdebconf/templates.dat:Extended_description-nb.UTF-8: Det angitte Debian-speilet til et arkiv ser ikke ut til å ha støtte fordin maskintype. Prøv heller et annet speil.
/var/log/installer/cdebconf/templates.dat:Extended_description-no.UTF-8: Det angitte Debian-speilet til et arkiv ser ikke ut til å ha støtte fordin maskintype. Prøv heller et annet speil.
/var/log/installer/cdebconf/templates.dat:Extended_description-fr.UTF-8: Veuillez choisir le protocole à utiliser pour le téléchargement des fichiers. Si vous êtes indécis, choisissez « http », étant donné qu'il s'agit du protocole qui pose le moins de problème de filtrage par des pare-feux.
/var/log/installer/cdebconf/templates.dat:Extended_description-nb.UTF-8: Kommer ikke frem til standardruteren du oppga.\n\nDu kan ha oppgitt feil IP-adresse, nettmaske og/eller adresse til standardruter.
/var/log/installer/cdebconf/templates.dat:Extended_description-no.UTF-8: Kommer ikke frem til standardruteren du oppga.\n\nDu kan ha oppgitt feil IP-adresse, nettmaske og/eller adresse til standardruter.
/var/log/installer/cdebconf/templates.dat:Extended_description-eo.UTF-8: La kluzo estas 'IP'-adreso (kvar numeroj apartigitaj per punktoj) kiu indikas la enkursigilan sistemon; ĝia sistemo ankaŭ nomiĝas la implicita kurso. La tuta eliranta rettrafiko (ekzemple, al interreto) trairas ĝin. Okaze de kelkaj maloftaj cirkonstancoj, vi ne bezonas enkursigilon. Tiuokaze malplenigu ĉi tiun kampon. Se vi ne scias kion tajpi, konsultu vian retan administranton.
/var/log/installer/cdebconf/templates.dat:Extended_description-tl.UTF-8: Ang gateway ay IP address (apat na numero na hiwalay ng mga tuldok) na nagpapakilala ng gateway router, na siyang kinikilala din sa katagang default router.  Lahat ng traffic na dumadaan palabas ng inyong LAN (halimbawa, patungong Internet) ay pinapadala sa pamamagitan nitong router.  May mga pagkakataaon na wala kayong router;  kung ganoon, maaari ninyong iwanang blanko itong puwang na ito.  Kung hindi niyo alam ang tamang sagot sa tanong na ito, kausapin ang inyong network administrator.
/var/log/installer/cdebconf/templates.dat:Extended_description-se.UTF-8: Nammabálvvát addet guossoheaddjinamat fierpmádagas. Čális gitta golmma namma- bálvváid IP-čujuhusaid (ii fal guossoheaddjinamaid). Bija gaskka juohke čujuhusa gaskii. Ale geavat rihkuid. Vuosttáš nammabálvá listtus jearahuvvo vuos. Jus it hálit geavahit makkárge nammabálvváid, guođe dán guorusin.
/var/log/installer/cdebconf/templates.dat:Extended_description-eo.UTF-8: La retmasko estas uzata por defini lokajn retsistemojn. Se vi ne scias kion tajpi, konsultu vian retan administranton. La retmasko oni enmetu kiel kvar numerojn apartigitajn per punktoj.
/var/log/installer/cdebconf/templates.dat:Extended_description-ca.UTF-8: El nom «${hostname}» és invàlid.\n\nUn nom del sistema vàlid només pot contindre els números 0-9, lletres majúscules i minúscules (A-Z i a-z) i el signe negatiu. Pot tindre, com a molt, ${maxhostnamelen} caràcters de longitud i no pot començar o acabar amb un signe negatiu.
/var/log/installer/cdebconf/templates.dat:Description-eo.UTF-8: 'Kill switch' estas ebligita por ${iface}
/var/log/installer/cdebconf/templates.dat:Extended_description-eo.UTF-8: ${iface} ŝajne estas malebligita de ŝaltilo "kill switch". Se vi intencas uzi tiun ĉi interfacon, bonvolu malaktivigi ĝin antaŭ ol daŭrigi.
/var/log/installer/cdebconf/templates.dat:Extended_description-tl.UTF-8: Mukhang ang ${iface} ay nakapatay sa pamamagitan ng pisikal na switch. Kung balak ninyong gamitin ang interface na ito, i-on ang switch bago magpatuloy.
/var/log/installer/cdebconf/templates.dat:Choices-eu.UTF-8: Azpiegitura sarea (kudeatua), Ad-hoc sarea (parekoen artekoa)
/var/log/installer/cdebconf/templates.dat:Extended_description-eu.UTF-8: Hala badagokio, sartu WEP segurtasun gakoa haririk gabeko ${iface} gailuarentzako. Bi modu daude hori egiteko:\n\nWEP gakoa 'nnnn-nnnn-nn', 'nn:nn:nn:nn:nn:nn:nn:nn' edo 'nnnnnnnn' formatuan badago (n zenbaki bat da), sartu dagoen bezala eremu honetan.\n\nWEP gakoa pasaesaldiaren formatuan badago, jarri 's:' aurrizkiarekin (komatxorik gabe).\n\nHaririk gabeko sareak ez badu WEP gakorik utzi eremu hau hutsik.
/var/log/installer/cdebconf/templates.dat:Extended_description-it.UTF-8: Digitare la passphrase per l'autenticazione WPA/WPA2 PSK. Questa dovrebbe essere la passphrase definita per la rete senza fili a cui si vuole accedere.
/var/log/installer/cdebconf/templates.dat:Extended_description-nb.UTF-8: Utveksling av nøkler og tilknytning til tilgangspunktet mislyktes. Sjekk WPA/WPA2-parameterne du har oppgitt.
/var/log/installer/cdebconf/templates.dat:Extended_description-no.UTF-8: Utveksling av nøkler og tilknytning til tilgangspunktet mislyktes. Sjekk WPA/WPA2-parameterne du har oppgitt.
/var/log/installer/cdebconf/templates.dat:Extended_description-eu.UTF-8: Aldagai batzuk Genesi firmwarean ezarri behar dira sistema automatikoki abiarazi dadin. Instalazioaren amaieran, sistema berrabiarazi egingo da. Firmwarearen gonbitean, ezarri firmwarearen aldagai hauek automatikoki abiaraztea gaitzeko:\n\n setenv boot-device ${OF_BOOT_DEVICE}\n setenv boot-file ${OF_BOOT_FILE}\n setenv auto-boot-timeout 5000\n setenv auto-boot? true\n\nHau behin egitea nahikoa da. Ondoren, sartu "boot" komandoa edo berrabiarazi sistema instalatu berri duzun sistema abiarazteko.\n\nBestela, nukleoa eskuz abiaraz dezakezu firmwarearen gonbitean honakoa idatziz:\n\n ${KERNEL_BOOT}
/var/log/installer/cdebconf/templates.dat:Extended_description-it.UTF-8: Alcune variabili vanno impostate nel firmware Genesi per poter avviare automaticamente il sistema. Al termine dell'installazione il sistema verrà riavviato; al prompt del firmware, impostare le seguenti variabili per permettere l'avvio automatico:\n\n setenv boot-device ${OF_BOOT_DEVICE}\n setenv boot-file ${OF_BOOT_FILE}\n setenv auto-boot-timeout 5000\n setenv auto-boot? true\n\nQuesta operazione dovrà essere eseguita solo una volta. Dopodiché, è necessario eseguire il comando «boot» oppure riavviare il computer per accedere al nuovo sistema installato.\n\nDiversamente, sarà possibile avviare il kernel a mano digitando, al prompt del firmware:\n\n ${KERNEL_BOOT}
/var/log/installer/cdebconf/templates.dat:Extended_description-nb.UTF-8: Noen variabler i fastprogrammet for Genesi må være angitt for at systemet skal kunne starte automatisk. På slutten av installasjonen vil systemet starte på nytt. På kommandolinja for fastprogrammet kan du angi følgende variabler for fastprogram for å aktivere auto-oppstart:\n\n setenv boot-device ${OF_BOOT_DEVICE}\n setenv boot-file ${OF_BOOT_FILE}\n setenv auto-boot-timeout 5000\n setenv auto-boot? true\n\nDu trenger bare gjøre dette én gang. Etterpå skriver du inn «boot»-kommandoen eller starter systemet på nytt for å få tilgang til det nyinstallerte systemet.\n\nEller du kan starte kjernen manuelt ved å taste på kommandolinja for fastprogrammet:\n\n ${KERNEL_BOOT}
/var/log/installer/cdebconf/templates.dat:Extended_description-no.UTF-8: Noen variabler i fastprogrammet for Genesi må være angitt for at systemet skal kunne starte automatisk. På slutten av installasjonen vil systemet starte på nytt. På kommandolinja for fastprogrammet kan du angi følgende variabler for fastprogram for å aktivere auto-oppstart:\n\n setenv boot-device ${OF_BOOT_DEVICE}\n setenv boot-file ${OF_BOOT_FILE}\n setenv auto-boot-timeout 5000\n setenv auto-boot? true\n\nDu trenger bare gjøre dette én gang. Etterpå skriver du inn «boot»-kommandoen eller starter systemet på nytt for å få tilgang til det nyinstallerte systemet.\n\nEller du kan starte kjernen manuelt ved å taste på kommandolinja for fastprogrammet:\n\n ${KERNEL_BOOT}
/var/log/installer/cdebconf/templates.dat:Extended_description-tl.UTF-8: May mga variable na kailangang itakda sa Genesi firmware upang mag-boot ng awtomatiko.  Sa katapusan ng pagluklok, mag-re-reboot ang sistema.  Sa firmware prompt, itakda ang mga sumusunod na mga firmware variable upang gumana ang auto-booting:\n\n setenv boot-device ${OF_BOOT_DEVICE}\n setenv boot-file ${OF_BOOT_FILE}\n setenv auto-boot-timeout 5000\n setenv auto-boot? true\n\nKinakailangan lang ninyong gawin ito ng isang beses.  Matapos nito, ipasok ang "boot" na utos o i-reboot ang sistema upang magpatuloy sa inyong bagong luklok na sistema.\n\nSa halip, maaari kayong mag-boot ng kernel ng mano-mano sa pamamagitan ng pagbigay sa firmware prompt ng:\n\n ${KERNEL_BOOT}
/var/log/installer/cdebconf/templates.dat:Extended_description-nb.UTF-8: Noen variabler i CFE må være angitt for at systemet skal kunne starte automatisk. På slutten av installasjonen vil systemet starte på nytt. På kommandolinja for fastprogrammet kan du angi følgende variabler for fastprogram for å aktivere auto-oppstart:\n\n setenv -p bootargs "${BOOTARGS}"\n setenv -p boot_debian "ramdisk -max=20000000 ${INITRD} ; boot ${KERNFILE}"\n\nDu trenger bare gjøre dette en gang. Dette gjør deg i stand til å bare oppgi kommandoen «boot_debian» på CFE-kommandolinja.\n\nHvis du foretrekker å starte opp automatisk hver gang, kan du sette følgende variabel i tillegg til de ovenfor:\n\n setenv -p STARTUP "$boot_debian"
/var/log/installer/cdebconf/templates.dat:Extended_description-no.UTF-8: Noen variabler i CFE må være angitt for at systemet skal kunne starte automatisk. På slutten av installasjonen vil systemet starte på nytt. På kommandolinja for fastprogrammet kan du angi følgende variabler for fastprogram for å aktivere auto-oppstart:\n\n setenv -p bootargs "${BOOTARGS}"\n setenv -p boot_debian "ramdisk -max=20000000 ${INITRD} ; boot ${KERNFILE}"\n\nDu trenger bare gjøre dette en gang. Dette gjør deg i stand til å bare oppgi kommandoen «boot_debian» på CFE-kommandolinja.\n\nHvis du foretrekker å starte opp automatisk hver gang, kan du sette følgende variabel i tillegg til de ovenfor:\n\n setenv -p STARTUP "$boot_debian"
/var/log/installer/cdebconf/templates.dat:Extended_description-eu.UTF-8: Aukeratutako errezetak ez du bereizitako /boot partiziorik. Beharrezkoa izan ohi da sistema LVM bidez abiarazteko.\n\nAbisu honi ez ikusi egitea erabaki diezaiokezu, baina honek instalazioa amaitu eta sistema abiaraztean arazoak sor ditzake.
/var/log/installer/cdebconf/templates.dat:Extended_description-eu.UTF-8: Bolumen talde baten definizioak existitzen ez den bolumen fisiko bati erreferentzi egiten dio.\n\nEgiaztatu gailuak behar bezala konektatuta daudela. Bestela, egiaztatu partizio automatikoaren errezeta.
/var/log/installer/cdebconf/templates.dat:Description-kab.UTF-8: Iḍebsiyen usgiten (%s)
/var/log/installer/cdebconf/templates.dat:Description-eu.UTF-8: Huts egin du hautatutako diskoan partizioa egitean
/var/log/installer/cdebconf/templates.dat:Extended_description-eu.UTF-8: Huts egin du LVM erabiliz partizioak automatikoki egitean, bolumen taldea sortzean errore bat gertatu delako.\n\nEgiaztatu /var/log/syslog edo ikusi 4. kontsola xehetasunetarako.
/var/log/installer/cdebconf/templates.dat:Description-nb.UTF-8: Ikke mange nok RAID-partisjoner oppgitt
/var/log/installer/cdebconf/templates.dat:Extended_description-nb.UTF-8: Det er ikke nok RAID-partisjoner oppgitt for ditt forhåndsdefinerte oppsett. Du trenger minst 3 enheter til en RAID5-rekke.
/var/log/installer/cdebconf/templates.dat:Description-no.UTF-8: Ikke mange nok RAID-partisjoner oppgitt
/var/log/installer/cdebconf/templates.dat:Extended_description-no.UTF-8: Det er ikke nok RAID-partisjoner oppgitt for ditt forhåndsdefinerte oppsett. Du trenger minst 3 enheter til en RAID5-rekke.
/var/log/installer/cdebconf/templates.dat:Description-eu.UTF-8: Partizioak egiteko metodoa:
/var/log/installer/cdebconf/templates.dat:Extended_description-eu.UTF-8: Disko osoaren partizioak gidatuta egitea aukeratzen baduzu, zein disko erabiltzea nahi duzun galdetuko zaizu.
/var/log/installer/cdebconf/templates.dat:Description-eu.UTF-8: Huts egin du hautatutako diskoan partizioa egitean
/var/log/installer/cdebconf/templates.dat:Extended_description-eo.UTF-8: Elektite por diskpartigo:\n\n${TARGET}\n\nLa disko povos esti diskpartigita laŭ unu el pluraj malsamaj skemoj. Se vi dubas, elektu la unuan.
/var/log/installer/cdebconf/templates.dat:Extended_description-eu.UTF-8: Partizioak egiteko hautatuta:\n\n${TARGET}\n\nDiskoan hainbat eskema erabiliz egin daitezke partizioak. Ziur ez bazaude, erabili lehenengoa.
/var/log/installer/cdebconf/templates.dat:Description-eu.UTF-8: Partizioak egiteko metodoa:
/var/log/installer/cdebconf/templates.dat:Extended_description-eu.UTF-8: Instalatzaile honek Debian-ek erabiltzeko disko batean partizioak nola egin ditzakezun azal diezazuke edo, nahi izanez gero, eskuz egin ditzakezu. Partizioak egiteko gidatutako tresna erabiltzea aukeratzen baduzu, geroago emaitzak ikusi eta pertsonalizatzeko aukera duzu.\n\nDisko osoaren partizioak gidatuta egitea aukeratzen baduzu, zein disko erabiltzea nahi duzun galdetuko zaizu.
/var/log/installer/cdebconf/templates.dat:Extended_description-eo.UTF-8: Verŝajne la diskoj aŭ disponeblaj spacoj estas malgranda por esti aŭtomate diskpartigitaj.
/var/log/installer/cdebconf/templates.dat:Description-eu.UTF-8: Huts egin du hautatutako diskoan partizioa egitean
/var/log/installer/cdebconf/templates.dat:Extended_description-eu.UTF-8: Baliteke hautatutako diskoa edo leku librea txikiegia izatea partizioak automatikoki egiteko.
/var/log/installer/cdebconf/templates.dat:Description-eu.UTF-8: Partizioak egiteko diskoa:
/var/log/installer/cdebconf/templates.dat:Description-eu.UTF-8: Partizioak gidatuta egitea
/var/log/installer/cdebconf/templates.dat:Extended_description-eu.UTF-8: Huts egin du partizioak egitean, agian ezin delako aukeratutako leku librea erabili. Baliteke (lehen mailako) partizio gehiegi egotea partizio-taulan.
/var/log/installer/cdebconf/templates.dat:Extended_description-eu.UTF-8: Abioko partizioa ez da ext2 motako fitxategi-sistemarekin konfiguratu. Hau beharrezkoa da makina abiarazi ahal izateko. Joan atzera eta erabili ext2 fitxategi-sistema.\n\nPartizioak egiteko menura itzuli eta errore hau zuzentzen ez baduzu, partizioa dagoen bezala erabiliko da. Horrek esan nahi du agian ezingo duzula disko gogorretik abiarazi.
/var/log/installer/cdebconf/templates.dat:Extended_description-eu.UTF-8: Abioko partizioa ez dago disko gogorreko lehen mailako partizioan kokatuta. Hau beharrezkoa da makina abiarazi ahal izateko. Joan atzera eta erabili aurreneko partizioa abioko partizio gisa.\n\nPartizioak egiteko menura itzuli eta errore hau zuzentzen ez baduzu, partizioa dagoen bezala erabiliko da. Horrek esan nahi du agian ezingo duzula disko gogorretik abiarazi.
/var/log/installer/cdebconf/templates.dat:Extended_description-ca.UTF-8: La comprovació del sistema de fitxers de tipus ${TYPE} a la partició no. ${PARTITION} de ${DEVICE} ha trobat errors no corregits.\n\nSi no aneu enrere al menú de partició i corregiu aquests errors, la partició no s'utilitzarà tal com està.
/var/log/installer/cdebconf/templates.dat:Extended_description-eu.UTF-8: Zuzendu gabeko erroreak aurkitu dira ${TYPE} motako fitxategi-sistema probatzean (${DEVICE} gailuko ${PARTITION}. partizioan).\n\nPartizioak egiteko menura itzuli eta erroreak zuzentzen ez badituzu, partizioa dagoen bezala erabiliko da.
/var/log/installer/cdebconf/templates.dat:Description-eu.UTF-8: Partizioak egiteko menura itzuli nahi duzu?
/var/log/installer/cdebconf/templates.dat:Extended_description-eu.UTF-8: Ez da muntatze-punturik ezarri ${FILESYSTEM} fitxategi-sistemarako (${DEVICE} gailuko ${PARTITION} partizioan).\n\nPartizioak egiteko menura itzultzen ez bazara eta muntatze-punturik esleitzen ez baduzu, partizio hau ez da erabiliko.
/var/log/installer/cdebconf/templates.dat:Description-eu.UTF-8: Partizioak egiteko menura itzuli nahi duzu?
/var/log/installer/cdebconf/templates.dat:Extended_description-eu.UTF-8: Ez duzu partiziorik hautatu swap leku gisa erabiltzeko. Swap lekua gaitzea gomendatzen da sistemak memoria fisikoa egokiago erabiltzeko, eta memoria fisikoa urria denean portaera hobeagoa izateko. Instalazioan arazoak gerta daitezke nahikoa memoria fisikorik ez badago.\n\nPartizioak egiteko menura itzultzen ez bazara eta swap partiziorik esleitzen ez baduzu, instalazioak swap partiziorik gabe jarraituko du.
/var/log/installer/cdebconf/templates.dat:Extended_description-ca.UTF-8: La comprovació de l'espai d'intercanvi a la partició no. ${PARTITION} de ${DEVICE} ha trobat errors no corregits.\n\nSi no aneu enrere al menú de partició i corregiu aquests errors, la partició no s'utilitzarà tal com està.
/var/log/installer/cdebconf/templates.dat:Extended_description-eu.UTF-8: Zuzendu gabeko erroreak aurkitu dira ${DEVICE} gailuko ${PARTITION}. partizioan swap lekua probatzean.\n\nPartizioak egiteko menura itzuli eta erroreak zuzentzen ez badituzu, partizioa dagoen bezala erabiliko da.
/var/log/installer/cdebconf/templates.dat:Extended_description-eu.UTF-8: Ez da ${DEVICE} gailuko ${PARTITION}. partizioaren fitxategi-sistemarik zehaztu.\n\nPartizioak egiteko menura itzultzen ez bazara eta partizio horri fitxategi-sistema bat esleitzen ez badiozu, partizioa ez da erabiliko.
/var/log/installer/cdebconf/templates.dat:Extended_description-nb.UTF-8: Intet filsystem er oppgitt for partisjon nr. ${PARTITION} på ${DEVICE}.\n\nHvis du ikke går tilbake til partisjoneringsmenyen for å lage et filsystem på denne partisjonen, vil den ikke bli brukt i det hele tatt.
/var/log/installer/cdebconf/templates.dat:Extended_description-no.UTF-8: Intet filsystem er oppgitt for partisjon nr. ${PARTITION} på ${DEVICE}.\n\nHvis du ikke går tilbake til partisjoneringsmenyen for å lage et filsystem på denne partisjonen, vil den ikke bli brukt i det hele tatt.
/var/log/installer/cdebconf/templates.dat:Extended_description-eo.UTF-8: Eraro okazis dum la agordado de ĉifritaj datumportiloj.\n\nLa agordado estas ĉesigita.
/var/log/installer/cdebconf/templates.dat:Extended_description-et.UTF-8: Sektori algvektori väärtustamiseks on olemas erinevaid algoritme. See valik mõjutab krüpteerimisest tulenevat turvalisust. Üldjuhul pole mingit vajadust vaikeväärtust muuta, kui siis vaid vanemate süsteemidega sobitumise nimel.
/var/log/installer/cdebconf/templates.dat:Extended_description-eu.UTF-8: Sektore bakoitzaren hasierako bektorearen arabera algoritmo desberdinak daude. Aukera honek enkriptaketaren segurtasunean eragiten du. Normalean ez dago gomendatutako hobespenak aldatzeko arrazoirik, sistema zaharragoekin bateragarritasuna mantentzeko ezik.
/var/log/installer/cdebconf/templates.dat:Extended_description-eu.UTF-8: Enkriptaketaren gakoa pasaesalditik eratorrita dago, norabide bakarreko hash funtzio bat aplikatu ondoren. Normalean ez dago lehenespen hau aldatzeko arrazoirik, eta aldaketa hori modu okerrean egiteak enkriptaketaren indarra gutxitu dezake.
/var/log/installer/cdebconf/templates.dat:Extended_description-tl.UTF-8: Ang encryption key ay binubuo mula sa kontrasenyas sa pamamagitan ng paggamit ng one-way hash function dito. Kadalasan, walang dahilan upang baguhin ito mula sa rekomendadong default at ang pagbabago nito sa maling paraan ay maaaring makapagpahina ng lakas ng encryption.
/var/log/installer/cdebconf/templates.dat:Description-es.UTF-8: Longitud de clave para esta partición:
/var/log/installer/cdebconf/templates.dat:Extended_description-tl.UTF-8: Ang pakete ng kernel module ${PACKAGE} ay hindi mahanap o may error na naganap habang nagluluklok.\n\nMaaaring magkaroon ng problema sa pagboot kapag sinubukan ng sistema na isaayos ang mga partisyong may encryption. Maaari niyong ayusin ito sa pamamagitan ng pagluklok ng mga paketeng kailangan sa hinaharap.
/var/log/installer/cdebconf/templates.dat:Extended_description-es.UTF-8: Debe elegir una frase de contraseña para cifrar ${DEVICE}.\n\nLa robustez del cifrado depende en gran medida de esta frase de contraseña así que debería asegurarse de que escoge una que no se pueda adivinar fácilmente. No debería ser una palabra o una frase que se puede encontrar en un diccionario o una frase que se puede asociar fácilmente con usted.\n\nUna buena frase de contraseña tendrá una mezcla de números, letras y signos de puntuación. Es recomendable que las frases de contraseña tengan una longitud de 20 o más caracteres.
/var/log/installer/cdebconf/templates.dat:Extended_description-it.UTF-8: Inserire nuovamente la passphrase per verificare che sia stata digitata correttamente.
/var/log/installer/cdebconf/templates.dat:Extended_description-pt_BR.UTF-8: Por favor, informe a mesma frase secreta novamente para verificar se você a digitou corretamente.
/var/log/installer/cdebconf/templates.dat:Extended_description-nb.UTF-8: De to passord-strengenene som ble oppgitt er ikke like. Forsøk igjen.
/var/log/installer/cdebconf/templates.dat:Extended_description-no.UTF-8: De to passord-strengenene som ble oppgitt er ikke like. Forsøk igjen.
/var/log/installer/cdebconf/templates.dat:Extended_description-eo.UTF-8: La datumaro sur ${DEVICE} estos anstataŭigitaj per nuloj. Ĝi ne plu povos esti restarigataj post kompletigo de tiu ĉi paŝo. Tio ĉi estas la lasta oportuno rezigni la forviŝon.
/var/log/installer/cdebconf/templates.dat:Description-es.UTF-8: Longitud de clave:
/var/log/installer/cdebconf/templates.dat:Extended_description-eu.UTF-8: Gomendatutako ${MINIMUM} karaktere baino gutxiago dituen pasaesaldia aukeratu duzu, eta ahulegitzat jotzen da. Pasaesaldi luzeagoa erabiltzea pentsatu beharko zenuke.
/var/log/installer/cdebconf/templates.dat:Description-eu.UTF-8: Menura itzuli eta partizioak egiten jarraitu nahi duzu?
/var/log/installer/cdebconf/templates.dat:Description-eu.UTF-8: Partizioak egiteko menura itzuli nahi duzu?
/var/log/installer/cdebconf/templates.dat:Extended_description-eu.UTF-8: ${MOUNTPOINT}-n ezarritako ${PARTITION} partizioa ${OFFSET} byteko marjinarekin hasten da disko honen gutxieneko lerrokatzerako, honek errendimendu baxua sor dezake.\n\nPartizioa sortzen ari zarenez, arazo hau orain konpondu beharko zenuke partizioa berriz lerrokatuz, beranduago aldatzeko zaila izango baita. Hau egiteko, partiziogile menura atzera itzuli, partizio hau ezabatu eta posizio berdinean ezarpen berdinekin berriz sor ezazu. Honek partizioa diskoaren errendimendurako leku egokienean hasiko du.
/var/log/installer/cdebconf/templates.dat:Extended_description-kab.UTF-8: Aḥric ${PARTITION} i yettunefken i ${MOUNTPOINT} ad yebdu seg tiggit n ${OFFSET} yibiten seg ureyyec adday n uḍebsi-a, ayen ara yawin ɣer yir tamellit.\n\nImi i tmesleḍ aḥric-a, ilaq ad tseɣtiḍ tura ugur-a s wallus n ureyyec n uḥric, acku ad yiwɛir ubeddel-ines mbeɛd. I wakken ad tgeḍ aya, uɣal ɣer wumuɣ n beṭṭu agejdan, kkes aḥric-nni syen ales timerna-ines deg yideg-nni kan s yiɣewwaren-nni kan. Aya ad yerr asenker n uḥric ad d-yebdu seg wadeg i iwatan xiṛ i uḍebsi-a.
/var/log/installer/cdebconf/templates.dat:Extended_description-et.UTF-8: Alglaadimis-partitsioon ei ole märgitud alglaaditavaks, kuigi see on vajalik, et masin alglaaduks. Palun mine tagasi ja määra alglaadimispartitsioonile alglaadimise lipp.\n\nKui sa seda ei paranda, kasutatakse partitsiooni nii, nagu see on, ning tõenäoliselt ei suuda masin kõvakettalt alglaadimist sooritada.
/var/log/installer/cdebconf/templates.dat:Extended_description-eu.UTF-8: Abioko partizioa ez da ext2 edo ext3 motako fitxategi-sistema batekin konfiguratu. Makinak hori behar du abiarazi ahal izateko. Joan atzera eta erabili ext2 edo ext3 fitxategi-sistema.\n\nPartizioak egiteko menura itzuli eta errore hau zuzentzen ez baduzu, partizioa dagoen bezala erabiliko da. Horrek esan nahi du agian ezingo duzula disko gogorretik abiarazi.
/var/log/installer/cdebconf/templates.dat:Extended_description-nl.UTF-8: Sommige iSCSI-targets eisen dat de initiator (cliënt) zich legitimeert via een gebruikersnaam en een wachtwoord. Indien dit voor dit target het geval is, geef dan hier de gebruikersnaam in. In het andere geval niets invullen.
/var/log/installer/cdebconf/templates.dat:Extended_description-es.UTF-8: Los nombres de los volúmenes lógicos o los grupos de volúmenes sólo pueden contener caracteres alfanuméricos, el guión, el signo suma, punto y el subrayado. Deben tener una longitud de 128 caracteres o inferior y no pueden empezar con un guión. No se permite utilizar los nombres «.» y «..». Los nombres de los volúmenes lógicos tampoco pueden comenzar con «snapshot».\n\nPor favor, escoja otro nombre.
/var/log/installer/cdebconf/templates.dat:Extended_description-eu.UTF-8: Hautatutako gailuko bolumen taldeak beste gailuetako bolumen fisikoak ere badirenez, ez da segurua beraien LVM datuak automatikoki ezabatzea. Gailu hau partizioak egiteko erabili nahi baduzu, lehenik bere LVM datuak ezabatu.
/var/log/installer/cdebconf/templates.dat:Extended_description-nb.UTF-8: Det er ikke oppgitt noe navn for det logiske dataområdet. Skriv inn et navn.
/var/log/installer/cdebconf/templates.dat:Extended_description-no.UTF-8: Det er ikke oppgitt noe navn for det logiske dataområdet. Skriv inn et navn.
/var/log/installer/cdebconf/templates.dat:Extended_description-fr.UTF-8: Le noyau actuel ne gère pas les volumes logiques (il s'agit du « Logical Volume Manager »). Vous devez peut-être charger le module lvm-mod.
/var/log/installer/cdebconf/templates.dat:Extended_description-eu.UTF-8: Ez da bolumen fisikorik (adib. partiziorik) aurkitu sisteman. Baliteke bolumen fisiko guztiak erabiltzen egotea. Agian behar diren nukleo-modulu batzuk kargatu beharko dituzu, edo disko gogorretan partizioak berriro egitea.
/var/log/installer/cdebconf/templates.dat:Description-eo.UTF-8: Neniu datumportila grupa nomo enigite
/var/log/installer/cdebconf/templates.dat:Extended_description-nb.UTF-8: Det er ikke oppgitt noe navn for det grupperte dataområdet. Skriv inn et navn.
/var/log/installer/cdebconf/templates.dat:Extended_description-no.UTF-8: Det er ikke oppgitt noe navn for det grupperte dataområdet. Skriv inn et navn.
/var/log/installer/cdebconf/templates.dat:Extended_description-eo.UTF-8: La elektita aparato enhavas diskpartojn uzitajn por programecaj RAID-aparatoj. La jenaj aparatoj kaj diskpartoj baldaŭ estos forigitaj:\n\nProgramecaj RAID-aparatoj forigotaj baldaŭ: ${REMOVED_DEVICES}\n\nDiskpartoj uzataj de tiuj ĉi aparatoj RAID: ${REMOVED_PARTITIONS}\n\nRimarku ke tio ĉi ankaŭ definitive forviŝos ĉiun ajn datumon nune ĉeestantan en la programecaj RAID-aparatoj.
/var/log/installer/cdebconf/templates.dat:Extended_description-kab.UTF-8: Wagi d umuɣ n twila n RIAD aseɣzan (neɣ MD, "ibenk usgit").\n\nTtxil-k·m fren seg tigawin i d-yettunefken i uswel n RIAD aseɣzan.
/var/log/installer/cdebconf/templates.dat:Extended_description-eo.UTF-8: La aranĝo devas esti n, o, aŭ f (aranĝado de la kopioj) sekvate de numero (nombro da kopioj por ĉiu peco). La numero devas esti pli malgranda aŭ sama ol la nombro da aktivaj aparatoj.\n\nLa litero signifas la aranĝadon de la kopioj:\n n - proksimaj kopioj: Multoblaj kopioj de unu datum-bloko restas ĉe\n     similaj deŝovoj en malsamaj aparatoj.\n f - malproksimaj kopioj: Multoblaj kopioj havas tre malsimilajn deŝovojn.\n o - ŝovitaj kopioj: anstataŭ pecoj duobligitaj ene de bendo,\n     tutaj bendoj estas duobligitaj tamen saltante unu aparaton,\n     tiel ke duobligitaj blokoj restu en malsamaj aparatoj.\n\nRIMARKO: tiun ĉi agordon ne eblos ŝanĝi pli poste.
/var/log/installer/cdebconf/templates.dat:Extended_description-kab.UTF-8: Taneɣruft ilaq ad tili n, o, neɣ (asemyizwer n wanɣalen) yettuḍfer s umḍan (amḍan n wanɣalen i yal tiḥdert). Amḍan ilaq ad yili ddaw neɣ kifkif akked yibenkan urmiden.\n\nAsekkil d asemyizwer n wanɣalen:\n n - anɣalen i iqerben: Aṭas n wanɣalen n yiwen yiḥder n yisefka ad ilin\n     kifkif n tiggiyin deg yibenkan yemgaraden different devices.\n f - anɣalen i imbaɛaden: Aṭas n wanɣalen ɣur-sen aṭas n tiggiyin yemgaraden\n o - anɣalen n tiggit: Ideg tiḥedrin ad ttuselgent deg\n     tesfift, tiḥedrin tummidin ttuselgent maca ttwazzint s yiwen\n     yibenk akken iḥedran yettuselgen ad ilin ɣef yibenkan yemgaraden.\n\nTAMAWT: iɣewwaren-a ur ttizmiren ara ad ttubeddlen mbeεd.
/var/log/installer/cdebconf/templates.dat:Extended_description-eu.UTF-8: RAID${LEVEL} array-ak partizio aktiboak eta ordezkoak izango ditu. Partizio aktiboak erabiltzen direnak dira, eta ordezkoak gailu aktiboetako batek huts egiten duenean soilik erabiltzen direnak. Gutxienez ${MINIMUM} gailu aktibo behar dira.\n\nOHARRA: ezarpen hau ezin da gero aldatu.
/var/log/installer/cdebconf/templates.dat:Description-nb.UTF-8: Oppgitt størrelse er for stor
/var/log/installer/cdebconf/templates.dat:Description-no.UTF-8: Oppgitt størrelse er for stor
/var/log/installer/cdebconf/templates.dat:Extended_description-eu.UTF-8: Abioko bandera partizio logiko batean ezartzen saiatzen ari zara. Abioko bandera lehen mailako partizioetan bakarrik ohi izaten denez erabilgarri, ez da partizio logikoetan instalatzea gomendatzen. Jakina da zenbait BIOS bertsiok abiaraztean huts egiten dutela ez badago lehen mailako partizio abiarazgarririk.\n\nHala ere, BIOS-ak arazo hori ez duela ziur bazaude, edo partizio logiko abiarazgarriei so egiten dien pertsonalizatutako abio-kargatzaile bat izanez gero, bandera hau ipintzeak zentzua izan lezake.
/var/log/installer/cdebconf/templates.dat:Extended_description-eu.UTF-8: Partizioak egiteko gailu oso bat hautatu duzu. Gailuan partizio-taula berria sortzen hasten bazara, uneko partizio guztiak kenduko dira.\n\nKontuan izan nahi izanez gero eragiketa hau geroago desegin dezakezula.
/var/log/installer/cdebconf/templates.dat:Extended_description-eo.UTF-8: Eraro okazis dum skribo de ŝanĝoj en la memoraparatoj.\n\nLa reampleksiga operacio estis ĉesigita.
/var/log/installer/cdebconf/templates.dat:Description-nb.UTF-8: Oppgitt størrelse er for liten
/var/log/installer/cdebconf/templates.dat:Description-no.UTF-8: Oppgitt størrelse er for liten
/var/log/installer/cdebconf/templates.dat:Description-eu.UTF-8: Partizioak egiten jarraitu nahi duzu?
/var/log/installer/cdebconf/templates.dat:Description-eu.UTF-8: Partizioak egiten jarraitu nahi duzu?
/var/log/installer/cdebconf/templates.dat:Description-eu.UTF-8: Sistema berria abiarazteko, abioko kargatzailea erabiltzen da.  Disko gogorreko abioko erregistro maisuan edo partizio batean instala daiteke.  Abioko kargatzailea partizio batean instalatzen denean, abiagarriaren bandera ezarri behar diozu. Partizio horrek "${BOOTABLE}" marka izango du partizioak egiteko menu nagusian.
/var/log/installer/cdebconf/templates.dat:Description-eu.UTF-8: Sistema berria abiarazteko, abioko kargatzailea erabiltzen da. Abioko partizio batean instalatuta dago. Abiarazgarriaren bandera ezarri behar diozu. Partizio horrek "${BOOTABLE}" marka izango du partizioak egiteko menu nagusian.
/var/log/installer/cdebconf/templates.dat:Extended_description-et.UTF-8: Kõvaketta partitsioneerimine tähendab selle lõikudeks jagamist, et luua uue süsteemi paigaldamiseks ruum. Sa pead valima partitsiooni(d), mida paigaldamiseks kasutada.\n\nVali mõni vaba ala, et sinna partitsioone luua.\n\nVali seade, kust eemaldada kõik partitsioonid, et luua uus tühi partitsioonitabel.\n\nVali partitsioon, et seda eemaldada või täpsustada, kuidas seda kasutama peab. Ilmtingimata on vaja üht partitsiooni, kuhu haakida juurfailisüsteem (see tähendab haakepunkti /). Enamik kasutajaid leiavad, et lisaks on siiski tarvis ka saalepartitsiooni. Saaleala on kõvaketta osa, mis on eraldatud operatsioonisüsteemile siseseks kasutamiseks. See võimaldab süsteemil kasutada kõvakettaruumi "virtuaalse mäluna".\n\nKui partitsioon on juba formaaditud, võid soovi korral selle alles jätta ja kasutada juba seal olevaid andmeid. Partitsioonid, mida sel viisil tarvitatakse, märgitakse partitsioneerimise peamenüüs "${KEEP}".\n\nÜldjuhul soovitakse partitsioon vormindada uue failisüsteemiga. HOIATUS: kõik partitsioonil olevad andmed lähevad jäädavalt kaduma. Kui otsustad vormindada juba vormindatud partitsiooni, märgib seda partitsioneermismenüüs "${DESTROY}". Varem vormindamata partitsioone märgib "${FORMAT}".\n\n${ARCHITECTURE_HELP}
/var/log/installer/cdebconf/templates.dat:Description-eu.UTF-8: Partizioak egiteko laguntza
/var/log/installer/cdebconf/templates.dat:Extended_description-eu.UTF-8: Disko gogorrean partizioak egitean unitatea zatitu egiten da behar den lekua sortzeko eta sistema berria instalatzeko.  Instalazioak erabiliko dituen partizioa(k) aukeratu behar dituzu.\n\nHautatu leku librea bertan partizioak sortzeko.\n\nHautatu gailu bat bertako partizio guztiak kentzeko eta partizio-taula berri hutsa sortzeko.\n\nHautatu partizio bat kentzeko edo nola erabiliko den zehazteko. Gutxienez partizio bat behar da fitxategi-sistemaren erroa edukitzeko (/ da muntatze-puntua). Horrez gain, erabiltzaile gehienen iritziz swap partizioa bereiztu behar da. "Swap" sistema eragile baten trukatze partizioa da, eta haren bidez sistemak disko biltegia "memoria birtual" gisa erabil dezake.\n\nPartizioa formateatuta dagoenean, partizioan lehendik dauden datuak edukitzea eta erabiltzea aukera dezakezu. Modu horretan erabiliko diren partizioek "${KEEP}" marka izaten dute partizioak egiteko menu nagusian.\n\nOrokorrean, partizioa fitxategi-sistema sortu berri batekin formateatu nahiko duzu. OHARRA: partizioko datu guztiak betirako ezabatuko dira. Lehendik formateatuta dagoen partizio bat formateatzea erabakitzen baduzu, "${DESTROY}" marka izango du partizioak egiteko menu nagusian. Bestela "${FORMAT}" marka izango du.\n\n${ARCHITECTURE_HELP}
/var/log/installer/cdebconf/templates.dat:Extended_description-tl.UTF-8: Ang pag-partisyon ng hard drive ay ang paghahati nito upang bumuo ng mga puwang na kailangan upang maluklok ang inyong bagong sistema.  Kailangan niyong pumili kung aling (mga) partisyon ang gagamitin sa pagluklok.\n\nPumili ng free space upang bumuo ng mga partisyon dito.\n\nPumili ng device upang tanggalin ang nilal\n\nPumili ng partisyon upang tanggalin ito o upang itakda kung paano ito gagamitin. Kinakailangan ng hindi kukulang sa isang partisyon na maglalaman ng root ng file system (na ang kanyang mount point ay /). Marami ang hinihikayat na kailangan ang hiwalay na partisyon para sa swap. Ang "swap" ay puwang na ginagamit ng operating system bilang scratch, na nagagamit ng sistema ang disk storage bilang "virtual memory".\n\nKapag naka-format na ang partisyon, maaari niyong piliin na ipanatili at gamitin ang mga datos sa partisyon. Ang mga partisyon na gagamitin sa ganitong paraan ay markado ng "${KEEP}" sa pangunahing menu ng pag-partisyon.\n\nKaraniwan na hinahanda ang isang partisyon sa pamamagitan ng pag-format nito gamit ang isang file system.  PAUNAWA: lahat ng datos sa partisyon ay mabubura ng tuluyan.  Kung magpasiya kayong i-format ang isang partisyon na naka-format na, ito ay mamarkahan ng "${DESTROY}" sa punong menu ng pag-partisyon.  Kung hindi, ito ay mamarkahan ng "${FORMAT}".\n\n${ARCHITECTURE_HELP}
/var/log/installer/cdebconf/templates.dat:Description-eu.UTF-8: Partizioak egiten jarraitu nahi duzu?
/var/log/installer/cdebconf/templates.dat:Extended_description-eu.UTF-8: Huts egin du ${DEVICE} gailuko eta ${TYPE} motako fitxategi-sistema ${MOUNTPOINT}(e)n muntatzean.\n\nPartizioak egiten jarrai dezakezu partizioak egiteko menuan.
/var/log/installer/cdebconf/templates.dat:Extended_description-eu.UTF-8: Banandutako fitxategi-sistema ezarri duzu ${MOUNTPOINT}-(e)n, baina direktorio hori erroko fitxategi-sisteman egon behar da sistema behar bezala abiarazteko.\n\nZuzendu hau partizioak egiteko menuan.
/var/log/installer/cdebconf/templates.dat:Extended_description-eu.UTF-8: Ez da erroko fitxategi-sistemarik definitu.\n\nZuzendu hau partizioak egiteko menuan.
/var/log/installer/cdebconf/templates.dat:Extended_description-nb.UTF-8: Intet rot-filsystem er oppgitt.\n\nRett opp dette fra partisjoneringsmenyen.
/var/log/installer/cdebconf/templates.dat:Extended_description-no.UTF-8: Intet rot-filsystem er oppgitt.\n\nRett opp dette fra partisjoneringsmenyen.
/var/log/installer/cdebconf/templates.dat:Extended_description-nb.UTF-8: To filsystem er gitt samme navn (${LABEL}): ${PART1} og ${PART2}. Siden filsystemnavn som regel er brukt som unike identifaktorer, vil dette sannsynligvis føre til problemer senere.\n\nRett opp dette ved å endre navn.
/var/log/installer/cdebconf/templates.dat:Extended_description-no.UTF-8: To filsystem er gitt samme navn (${LABEL}): ${PART1} og ${PART2}. Siden filsystemnavn som regel er brukt som unike identifaktorer, vil dette sannsynligvis føre til problemer senere.\n\nRett opp dette ved å endre navn.
/var/log/installer/cdebconf/templates.dat:Extended_description-tl.UTF-8: May dalawang file system na magkapareho ng label (${LABEL}): ${PART1} at ${PART2}. Dahil ang mga label ay ginagamit bilang natatanging pagkilala, maaaring magdulot ito ng mga problema.\n\nAyusin ito sa pamamagitan ng pagpalit ng mga label.
/var/log/installer/cdebconf/templates.dat:Extended_description-tl.UTF-8: May dalawang file system na nakalaan sa parehong mount point (${MOUNTPOINT}): ${PART1} at ${PART2}.\n\nAyusin ito sa pamamagitan ng pagpalit ng mga mount point.
/var/log/installer/cdebconf/templates.dat:Description-eu.UTF-8: Partizioak egiteko laguntza
/var/log/installer/cdebconf/templates.dat:Extended_description-eu.UTF-8: Abioko partizioa ez dago disko gogorreko lehen mailako partizioan kokatuta. Makinak hori behar du abiarazi ahal izateko. Joan atzera eta erabili lehen mailako partizioa abioko partizio gisa.\n\nPartizioak egiteko menura itzuli eta errore hau zuzentzen ez baduzu, partizioa dagoen bezala erabiliko da. Horrek esan nahi du agian ezingo duzula disko gogorretik abiarazi.
/var/log/installer/cdebconf/templates.dat:Description-eu.UTF-8: Unean konfiguratutako partizioei eta muntatze puntuei buruzko informazio orokorra da hau. Hautatu ezarpenak aldatzeko partizio bat (fitxategi-sistema, muntatze puntua, etab.), partizioak egiteko leku libre bat edo partizio-taula hasieratzeko gailu bat.
/var/log/installer/cdebconf/templates.dat:Extended_description-eo.UTF-8: Se vi daŭrigos, la ŝanĝoj ĉi sube listitaj estos skribitaj al la diskoj. Alie, vi povos fari pluajn ŝanĝojn permane.\n\nATENTU: Tio forviŝos ĉiujn datumojn ĉeestantajn sur forigitaj diskpartoj, same kiel sur diskpartoj kiuj estos strukturigitaj.\n\n${ITEMS}
/var/log/installer/cdebconf/templates.dat:Extended_description-sv.UTF-8: Om du fortsätter kommer nedanstående ändringar att skrivas till diskarna. Annars kan du göra ytterligare ändringar manuellt.\n\nVARNING: Det här kommer att förstöra all data på eventuella partitioner som du har tagit bort samt på de partitioner som ska formateras.\n\n${ITEMS}
/var/log/installer/cdebconf/templates.dat:Extended_description-eu.UTF-8: Burutazio txarra da supererabiltzailearen kontua eguneroko lanetarako erabiltzea, posta elektronikoa irakurtzeko adibidez, akats txiki batek sisteman izugarrizko kaltea sor bailezake. Sortu erabiltzaile arrunta eguneroko lanak egiteko.\n\nJakin ezazu geroago ere sor dezakezula (beste kontu gehiago bezala) honakoa exekutatuz root gisa: adduser <erabiltzaile-izena>. Erabiltzaile-izena saioa hasteko erabiltzailearen izena da, adib 'igor' edo 'mikeltxo'.
/var/log/installer/cdebconf/templates.dat:Extended_description-it.UTF-8: È una cattiva idea usare l'account di root per le normali attività di utilizzo del computer, come leggere la posta, perché anche un piccolo errore può causare danni al sistema. Si dovrebbe creare un account per un utente normale da usare per svolgere questi compiti.\n\nÈ possibile creare tale account anche dopo (e se ne possono creare quanti si desidera), digitando «adduser <nomeutente>» come root, dove <nomeutente> è il nome dell'utente da creare, come «mario» o «carlo».
/var/log/installer/cdebconf/templates.dat:Extended_description-pt.UTF-8: É uma má ideia utilizar a conta de root para actividades normais do dia-a-dia, como ler mensagens electrónicas, porque até mesmo um pequeno erro pode resultar num desastre. Agora pode criar uma conta de utilizador normal para utilizar nas tarefas do dia-a-dia.\n\nNote que pode criar essa conta posteriormente (como também qualquer outra conta adicional) digitando 'adduser <nome do utilizador>' como root, onde <nome do utilizador> é um nome de utilizador, como 'imurdock' ou 'rms'.
/var/log/installer/cdebconf/templates.dat:Extended_description-pt_BR.UTF-8: É uma má ideia usar a conta de root para atividades normais do dia-a-dia, como ler mensagens eletrônicas (e-mail), porque mesmo um erro pequeno pode resultar em um desastre. Você deveria criar uma conta de usuário normal e usá-la para essas tarefas do dia-a-dia.\n\nNote que você pode criar essa conta posteriormente (como também qualquer outra conta adicional) digitando 'adduser <nome-do-usuário>' como root, onde <nome-do-usuário> é um nome de usuário, como 'imurdock' ou 'rms'.
/var/log/installer/cdebconf/templates.dat:Extended_description-tl.UTF-8: Hindi minumungkahi na gamitin ang account na root para sa pang-araw-araw na mga gawain, katulad ng pagbabasa ng koreong elektroniko (email), dahil kahit na isang maliit na pagkakamali ay maaaring bumunga ng peligro. Kailangan niyong bumuo ng account ng karaniwang gumagamit upang gawin ang mga pang-araw-araw na mga gawain.\n\nBatirin na maaari kayong bumuo nito mamaya (pati na rin mga karagdagang mga account) sa pamamagitan ng pagutos na 'adduser <pangalan>' bilang root, na kung saan ang <pangalan> ay pangalan ng gumagamit, tulad ng 'imurdock', 'rms' o 'jdlcruz'.
/var/log/installer/cdebconf/templates.dat:Extended_description-it.UTF-8: È necessario inserire una password per «root», l'account di amministrazione del sistema. Un utente malintenzionato o inesperto con i privilegi di root può provocare danni al sistema: di conseguenza, la password di root dovrebbe essere difficile da indovinare e non deve essere una parola che si possa trovare in un dizionario o che si possa facilmente associare con l'utente.\n\nUna buona password contiene una combinazione di lettere, numeri e segni di interpunzione e deve essere cambiata a intervalli regolari.\n\nL'utente root non dovrebbe avere una password nulla. Lasciando questo campo vuoto l'account root viene disabilitato e vengono concessi i privilegi di super utente attraverso l'uso del comando «sudo» all'account di sistema iniziale.\n\nTenere presente che non sarà possibile vedere la password mentre viene digitata.
/var/log/installer/cdebconf/templates.dat:Extended_description-pt.UTF-8: É necessário definir uma palavra-passe para o 'root', a conta administrativa do sistema. Um utilizador malicioso ou não qualificado com acesso à root pode trazer consequências desastrosas, portanto deve ter o cuidado de escolher uma palavra-passe de root que não seja fácil de adivinhar. A palavra-passe não deve ser uma palavra encontrada em dicionários ou uma palavra que possa ser facilmente associada a si.\n\nUma boa palavra-passe contém uma mistura de letras, números e pontuação e deve ser modificada em intervalos regulares.\n\nO utilizador root não deve ter uma palavra-passe vazia. Se deixar isto vazio, a conta de root será desactivada e a conta de utilizador inicial do sistema terá o poder de se tornar root utilizando o comando "sudo".\n\nNote que não conseguirá ver a palavra-passe enquanto a digita.
/var/log/installer/cdebconf/templates.dat:Extended_description-pt_BR.UTF-8: Você precisa definir uma senha para o 'root', a conta administrativa do sistema. Um usuário malicioso ou não qualificado com acesso root pode levar a resultados desastrosos, portanto você deve tomar o cuidado de escolher uma senha que não seja fácil de ser adivinhada. Essa senha não deve ser uma palavra encontrada em dicionários ou uma palavra que possa ser facilmente associada a você.\n\nUma boa senha conterá uma mistura de letras, números e pontuação e deverá ser modificada em intervalos regulares.\n\nO usuário root não deverá ter uma senha em branco. Se você deixar este campo vazio, a conta do root será desabilitada e a conta do usuário inicial do sistema receberá o poder de tornar-se root usando o comando "sudo".\n\nNote que você não poderá ver a senha enquanto a digita.
/var/log/installer/cdebconf/templates.dat:Extended_description-tl.UTF-8: Kailangan niyong magtakda ng kontrasenyas para sa 'root', ang account ng tagapangasiwa ng sistema. Ang gumagamit na malisyoso o walang alam na may akses sa root ay maaaring magdulot ng pinsala o kaguluhan sa sistema, kaya't kailangan niyong ingatan ang pagpili ng kontrasenyas para sa root na hindi madaling mahulaan. Dapat ay hindi ito mahahanap sa diksyonaryo, o salit na maaaring madaling maanib sa inyo, tulad ng inyong panggitnang pangalan.\n\nAng magandang kontrasenyas ay binubuo ng halo-halong mga titik, numero at marka at pinapalitan ito ng madalas.\n\nKung piliin niyong hindi payagang makapasok bilang root, may lilikhaing user account na bibigyan ng kakayahang maging root na gamit ang 'sudo' command.\n\nDapat mabatid na hindi niyo mababasa ang kontrasenyas habang ito'y inyong ibinibigay.
/var/log/installer/cdebconf/templates.dat:Extended_description-it.UTF-8: Inserire nuovamente la stessa password di root per verificare che sia stata digitata correttamente.
/var/log/installer/cdebconf/templates.dat:Extended_description-pt_BR.UTF-8: Por favor, informe novamente a mesma senha de root para verificar se você digitou-a corretamente.
/var/log/installer/cdebconf/templates.dat:Extended_description-eu.UTF-8: Erabiltzailearen kontua sortuko da, root kontua ordenagailuaren administrazio lanak egiteko bakarrik erabiltzeko.\n\nIdatzi erabiltzaile honen benetako izena. Datu hau posta elektronikoak bidaltzean jatorri bezala edo erabiltzailearen benetako izena erabiltzen duen edozein programetan erabiliko da. Zure izen osoa aukera egokia izaten da.
/var/log/installer/cdebconf/templates.dat:Extended_description-it.UTF-8: Inserire nuovamente la stessa password per verificare che sia stata digitata correttamente.
/var/log/installer/cdebconf/templates.dat:Extended_description-pt.UTF-8: Por favor, introduza novamente a mesma palavra-passe para verificar se a digitou correctamente.
/var/log/installer/cdebconf/templates.dat:Extended_description-pt_BR.UTF-8: Por favor, informe novamente a mesma senha de usuário para verificar se você digitou-a corretamente.
/var/log/installer/cdebconf/templates.dat:Extended_description-se.UTF-8: Vállje geavaheaddjinama dan ođđa kontui. Geavat áinnas iežat nama, gaskkaid haga. Geavaheaddjinama ferte álgit smávva bustávain, muđuid geavaheaddjinamas sáhttá leat sihke logut ja eará smávva bustávaid (muhto eai sáhte leat gaskamearkkat).
/var/log/installer/cdebconf/templates.dat:Extended_description-es.UTF-8: El nombre de usuario que ha introducido no es válido. Los nombres de usuario deben empezar con una letra minúscula, seguida de cualquier combinación de números y más minúsculas, y su longitud máxima es de 32 caracteres.
/var/log/installer/cdebconf/templates.dat:Extended_description-eu.UTF-8: Eguneraketak maiztasunez egitea zati garrantzitsu bat da sistema seguru mantentzeko.\n\nLehenetsi gisa, segurtasuneko eguneraketak ez dira automatikoki instalatzen, segurtasun-abisuak berrikusi behar direlako eguneraketen eskuzko instalazioaren aurretik, horretarako pakete estandarrak kudeatzeko tresnak erabiliz.\n\nBestalde, 'gainbegiratzerik gabeko eguneraketak' paketea instala daiteke, eta honek segurtasuneko eguneraketak automatikoki instalatuko ditu. Hala ere, eguneraketen instalazio automatikoak makina honetako zerbitzuen ustekabeko geldiketa sor lezake (eguneraketa ez dagoenean erabateko atzeranzko bateragarritasuna landutako kasu berezi gutxietan), edo segurtasun-abisuak administratzaileari eskuzko beste eragiketa batzuk lantzea eskatzen dioenean.
/var/log/installer/cdebconf/templates.dat:Extended_description-et.UTF-8: Asukohast <${LOCATION}> hangitud faili ${ALGORITHM} kontrollsumma ei vasta oodatud väärtusele "${CHECKSUM}".  Fail võib olla vigane või on kontrollsumma aegunud.
/var/log/installer/cdebconf/templates.dat:Extended_description-eo.UTF-8: Por fari aŭtomatan instalon, vi devas doni antaŭagordan dosieron (kiu povas siavice tiri aliajn dosierojn). Por fari tion, vi devas enmeti (eble nekompletan) URL.\n\nTio ĉi povas esti tiel simple kiel ekde la komputil-nomo kie viaj antaŭsemaj dosieroj restas, ĝis kompleta URL. Iu ajn el tiuj devus funkcii:\n  intra		[por ekzemplo.com, tiuj ĉi tri estas egalrezultaj]\n  intra.ekzemplo.com\n  http://intra.ekzemplo.com/d-i/./lenny/preseed.cfg\n  http://192.168.0.1/~phil/test47.txt\n  floppy://preseed.cfg\n  file:///hd-media/kiosk/./preseed.cfg\n\nPor tute aŭtomataj instaloj, antaŭsemo/url devos ĝi mem esti antaŭsemita (per kerna komand-linio, DHCP, aŭ syslinux.cfg en personigita datumarujo).\n\nRigardu http://wiki.debian.org/DebianInstaller/Preseed por havi inspiron.
/var/log/installer/cdebconf/templates.dat:Extended_description-eu.UTF-8: Instalazio automatikoa osatu ahal izateko, aurrekonfigurazioko fitxategi batez (zein fitxategi ezberdinetan banatu daitezken) hornitu behar duzu. Hau egiteko URL bat (agian partziala) eman behar duzu.\n\nAurrekonfigurazioko fitxategiak kokatzen diren makinaren izena edo URL oso bat izan daiteke. Hautetako edozeinek funtzionatzea lortu beharko luke:\n  intra		[example.com-erako, hiru hauek berdinak dira]\n  intra.example.com\n  http://intra.example.com/d-i/./lenny/preseed.cfg\n  http://192.168.0.1/~phil/test47.txt\n  floppy://preseed.cfg\n  file:///hd-media/kiosk/./preseed.cfg\n\nGuztiz automatizatutako instalazioentzat, aurrezarpenak/urlak bere burua aurrezarri behar du (nukleoaren komando-lerroa, DHCP edo pertsonalizatutako euskarriko syslinux.cfg bidez).\n\nBegiratu http://wiki.debian.org/DebianInstaller/Preseed inspirazio bila.
/var/log/installer/cdebconf/templates.dat:Extended_description-et.UTF-8: Enne jätkamist veendu, et silumislogide salvestamiseks kasutatav failisüsteem on külge haagitud.
/var/log/installer/cdebconf/templates.dat:Description-eo.UTF-8: Ekfunkciigita TTT-servilo
/var/log/installer/cdebconf/templates.dat:Extended_description-eo.UTF-8: Simpla TTT-servilo estis ekfunkciigita en tiu komputilo por servi ĵurnalajn dosierojn kaj ĝustigajn informojn. Indekso de ĉiuj disponeblaj ĵurnalaj dosieroj atingeblas je tiu adreso: http://${ADDRESS}/
/var/log/installer/cdebconf/templates.dat:Choices-et.UTF-8: teeninda võrgu kaudu, haagitud failisüsteem, flopi
/var/log/installer/cdebconf/templates.dat:Extended_description-et.UTF-8: Paigaldaja logifailid silumisteabega leiad kataloogist /var/log. Nende poole saab pöörduda võrgust (masinas käivitati väike veebiserver), salvestada haagitud failisüsteemile (mis on näiteks USB pulgal) või flopikettale.
/var/log/installer/cdebconf/templates.dat:Extended_description-eo.UTF-8: Simpla TTT-servilo estis ekfunkciigita en tiu kumputilo por servi ĵurnalajn dosierojn kaj ĝustigajn informojn. Tamen, la reto ne funkcias. La servilo estos tenata tia, kaj iĝos atingebla kiam la reto estos agordita.
/var/log/installer/cdebconf/templates.dat:Description-eo.UTF-8: Kunordigita Universala Tempo (UTC)
/var/log/dpkg.log:2024-11-14 10:46:58 install gitweb:all <none> 1:2.39.5-0+deb12u1
/var/log/dpkg.log:2024-11-14 10:46:58 status half-installed gitweb:all 1:2.39.5-0+deb12u1
/var/log/dpkg.log:2024-11-14 10:46:58 status unpacked gitweb:all 1:2.39.5-0+deb12u1
/var/log/dpkg.log:2024-11-14 10:46:59 configure gitweb:all 1:2.39.5-0+deb12u1 <none>
/var/log/dpkg.log:2024-11-14 10:46:59 status unpacked gitweb:all 1:2.39.5-0+deb12u1
/var/log/dpkg.log:2024-11-14 10:46:59 status half-configured gitweb:all 1:2.39.5-0+deb12u1
/var/log/dpkg.log:2024-11-14 10:46:59 status installed gitweb:all 1:2.39.5-0+deb12u1
/var/log/dpkg.log.1:2024-10-03 09:43:45 install librtmp1:amd64 <none> 2.4+20151223.gitfa8646d.1-2+b2
/var/log/dpkg.log.1:2024-10-03 09:43:45 status half-installed librtmp1:amd64 2.4+20151223.gitfa8646d.1-2+b2
/var/log/dpkg.log.1:2024-10-03 09:43:45 status unpacked librtmp1:amd64 2.4+20151223.gitfa8646d.1-2+b2
/var/log/dpkg.log.1:2024-10-03 09:43:46 install libyuv0:amd64 <none> 0.0~git20230123.b2528b0-1
/var/log/dpkg.log.1:2024-10-03 09:43:46 status half-installed libyuv0:amd64 0.0~git20230123.b2528b0-1
/var/log/dpkg.log.1:2024-10-03 09:43:46 status unpacked libyuv0:amd64 0.0~git20230123.b2528b0-1
/var/log/dpkg.log.1:2024-10-03 09:44:15 install libx264-164:amd64 <none> 2:0.164.3095+gitbaee400-3
/var/log/dpkg.log.1:2024-10-03 09:44:15 status half-installed libx264-164:amd64 2:0.164.3095+gitbaee400-3
/var/log/dpkg.log.1:2024-10-03 09:44:16 status unpacked libx264-164:amd64 2:0.164.3095+gitbaee400-3
/var/log/dpkg.log.1:2024-10-03 09:44:21 install libldacbt-enc2:amd64 <none> 2.0.2.3+git20200429+ed310a0-4
/var/log/dpkg.log.1:2024-10-03 09:44:21 status half-installed libldacbt-enc2:amd64 2.0.2.3+git20200429+ed310a0-4
/var/log/dpkg.log.1:2024-10-03 09:44:21 status unpacked libldacbt-enc2:amd64 2.0.2.3+git20200429+ed310a0-4
/var/log/dpkg.log.1:2024-10-03 09:44:21 install libsord-0-0:amd64 <none> 0.16.14+git221008-1
/var/log/dpkg.log.1:2024-10-03 09:44:21 status half-installed libsord-0-0:amd64 0.16.14+git221008-1
/var/log/dpkg.log.1:2024-10-03 09:44:21 status unpacked libsord-0-0:amd64 0.16.14+git221008-1
/var/log/dpkg.log.1:2024-10-03 09:44:35 install libldacbt-abr2:amd64 <none> 2.0.2.3+git20200429+ed310a0-4
/var/log/dpkg.log.1:2024-10-03 09:44:35 status half-installed libldacbt-abr2:amd64 2.0.2.3+git20200429+ed310a0-4
/var/log/dpkg.log.1:2024-10-03 09:44:35 status unpacked libldacbt-abr2:amd64 2.0.2.3+git20200429+ed310a0-4
/var/log/dpkg.log.1:2024-10-03 09:46:14 install libjxr0:amd64 <none> 1.2~git20170615.f752187-5
/var/log/dpkg.log.1:2024-10-03 09:46:14 status half-installed libjxr0:amd64 1.2~git20170615.f752187-5
/var/log/dpkg.log.1:2024-10-03 09:46:14 status unpacked libjxr0:amd64 1.2~git20170615.f752187-5
/var/log/dpkg.log.1:2024-10-03 09:46:14 install libjxr-tools:amd64 <none> 1.2~git20170615.f752187-5
/var/log/dpkg.log.1:2024-10-03 09:46:14 status half-installed libjxr-tools:amd64 1.2~git20170615.f752187-5
/var/log/dpkg.log.1:2024-10-03 09:46:14 status unpacked libjxr-tools:amd64 1.2~git20170615.f752187-5
/var/log/dpkg.log.1:2024-10-03 09:46:29 install xserver-xorg-video-qxl:amd64 <none> 0.1.5+git20200331-3
/var/log/dpkg.log.1:2024-10-03 09:46:29 status half-installed xserver-xorg-video-qxl:amd64 0.1.5+git20200331-3
/var/log/dpkg.log.1:2024-10-03 09:46:29 status unpacked xserver-xorg-video-qxl:amd64 0.1.5+git20200331-3
/var/log/dpkg.log.1:2024-10-03 09:46:29 install xserver-xorg-video-intel:amd64 <none> 2:2.99.917+git20210115-1
/var/log/dpkg.log.1:2024-10-03 09:46:29 status half-installed xserver-xorg-video-intel:amd64 2:2.99.917+git20210115-1
/var/log/dpkg.log.1:2024-10-03 09:46:29 status unpacked xserver-xorg-video-intel:amd64 2:2.99.917+git20210115-1
/var/log/dpkg.log.1:2024-10-03 09:46:35 configure libx264-164:amd64 2:0.164.3095+gitbaee400-3 <none>
/var/log/dpkg.log.1:2024-10-03 09:46:35 status unpacked libx264-164:amd64 2:0.164.3095+gitbaee400-3
/var/log/dpkg.log.1:2024-10-03 09:46:35 status half-configured libx264-164:amd64 2:0.164.3095+gitbaee400-3
/var/log/dpkg.log.1:2024-10-03 09:46:35 status installed libx264-164:amd64 2:0.164.3095+gitbaee400-3
/var/log/dpkg.log.1:2024-10-03 09:46:37 configure libjxr0:amd64 1.2~git20170615.f752187-5 <none>
/var/log/dpkg.log.1:2024-10-03 09:46:37 status unpacked libjxr0:amd64 1.2~git20170615.f752187-5
/var/log/dpkg.log.1:2024-10-03 09:46:37 status half-configured libjxr0:amd64 1.2~git20170615.f752187-5
/var/log/dpkg.log.1:2024-10-03 09:46:37 status installed libjxr0:amd64 1.2~git20170615.f752187-5
/var/log/dpkg.log.1:2024-10-03 09:46:38 configure libldacbt-enc2:amd64 2.0.2.3+git20200429+ed310a0-4 <none>
/var/log/dpkg.log.1:2024-10-03 09:46:38 status unpacked libldacbt-enc2:amd64 2.0.2.3+git20200429+ed310a0-4
/var/log/dpkg.log.1:2024-10-03 09:46:38 status half-configured libldacbt-enc2:amd64 2.0.2.3+git20200429+ed310a0-4
/var/log/dpkg.log.1:2024-10-03 09:46:38 status installed libldacbt-enc2:amd64 2.0.2.3+git20200429+ed310a0-4
/var/log/dpkg.log.1:2024-10-03 09:46:41 configure librtmp1:amd64 2.4+20151223.gitfa8646d.1-2+b2 <none>
/var/log/dpkg.log.1:2024-10-03 09:46:41 status unpacked librtmp1:amd64 2.4+20151223.gitfa8646d.1-2+b2
/var/log/dpkg.log.1:2024-10-03 09:46:41 status half-configured librtmp1:amd64 2.4+20151223.gitfa8646d.1-2+b2
/var/log/dpkg.log.1:2024-10-03 09:46:41 status installed librtmp1:amd64 2.4+20151223.gitfa8646d.1-2+b2
/var/log/dpkg.log.1:2024-10-03 09:46:43 configure libldacbt-abr2:amd64 2.0.2.3+git20200429+ed310a0-4 <none>
/var/log/dpkg.log.1:2024-10-03 09:46:43 status unpacked libldacbt-abr2:amd64 2.0.2.3+git20200429+ed310a0-4
/var/log/dpkg.log.1:2024-10-03 09:46:43 status half-configured libldacbt-abr2:amd64 2.0.2.3+git20200429+ed310a0-4
/var/log/dpkg.log.1:2024-10-03 09:46:43 status installed libldacbt-abr2:amd64 2.0.2.3+git20200429+ed310a0-4
/var/log/dpkg.log.1:2024-10-03 09:46:45 configure libyuv0:amd64 0.0~git20230123.b2528b0-1 <none>
/var/log/dpkg.log.1:2024-10-03 09:46:45 status unpacked libyuv0:amd64 0.0~git20230123.b2528b0-1
/var/log/dpkg.log.1:2024-10-03 09:46:45 status half-configured libyuv0:amd64 0.0~git20230123.b2528b0-1
/var/log/dpkg.log.1:2024-10-03 09:46:45 status installed libyuv0:amd64 0.0~git20230123.b2528b0-1
/var/log/dpkg.log.1:2024-10-03 09:46:47 configure libjxr-tools:amd64 1.2~git20170615.f752187-5 <none>
/var/log/dpkg.log.1:2024-10-03 09:46:47 status unpacked libjxr-tools:amd64 1.2~git20170615.f752187-5
/var/log/dpkg.log.1:2024-10-03 09:46:47 status half-configured libjxr-tools:amd64 1.2~git20170615.f752187-5
/var/log/dpkg.log.1:2024-10-03 09:46:47 status installed libjxr-tools:amd64 1.2~git20170615.f752187-5
/var/log/dpkg.log.1:2024-10-03 09:46:55 configure libsord-0-0:amd64 0.16.14+git221008-1 <none>
/var/log/dpkg.log.1:2024-10-03 09:46:55 status unpacked libsord-0-0:amd64 0.16.14+git221008-1
/var/log/dpkg.log.1:2024-10-03 09:46:55 status half-configured libsord-0-0:amd64 0.16.14+git221008-1
/var/log/dpkg.log.1:2024-10-03 09:46:55 status installed libsord-0-0:amd64 0.16.14+git221008-1
/var/log/dpkg.log.1:2024-10-03 09:47:23 configure xserver-xorg-video-intel:amd64 2:2.99.917+git20210115-1 <none>
/var/log/dpkg.log.1:2024-10-03 09:47:23 status unpacked xserver-xorg-video-intel:amd64 2:2.99.917+git20210115-1
/var/log/dpkg.log.1:2024-10-03 09:47:23 status half-configured xserver-xorg-video-intel:amd64 2:2.99.917+git20210115-1
/var/log/dpkg.log.1:2024-10-03 09:47:23 status installed xserver-xorg-video-intel:amd64 2:2.99.917+git20210115-1
/var/log/dpkg.log.1:2024-10-03 09:47:26 configure xserver-xorg-video-qxl:amd64 0.1.5+git20200331-3 <none>
/var/log/dpkg.log.1:2024-10-03 09:47:26 status unpacked xserver-xorg-video-qxl:amd64 0.1.5+git20200331-3
/var/log/dpkg.log.1:2024-10-03 09:47:26 status half-configured xserver-xorg-video-qxl:amd64 0.1.5+git20200331-3
/var/log/dpkg.log.1:2024-10-03 09:47:26 status installed xserver-xorg-video-qxl:amd64 0.1.5+git20200331-3
/var/log/dpkg.log.1:2024-10-03 11:06:46 install git-man:all <none> 1:2.39.5-0+deb12u1
/var/log/dpkg.log.1:2024-10-03 11:06:46 status half-installed git-man:all 1:2.39.5-0+deb12u1
/var/log/dpkg.log.1:2024-10-03 11:06:47 status unpacked git-man:all 1:2.39.5-0+deb12u1
/var/log/dpkg.log.1:2024-10-03 11:06:47 install git:amd64 <none> 1:2.39.5-0+deb12u1
/var/log/dpkg.log.1:2024-10-03 11:06:47 status half-installed git:amd64 1:2.39.5-0+deb12u1
/var/log/dpkg.log.1:2024-10-03 11:06:49 status unpacked git:amd64 1:2.39.5-0+deb12u1
/var/log/dpkg.log.1:2024-10-03 11:06:49 install libgit2-1.5:amd64 <none> 1.5.1+ds-1+deb12u1
/var/log/dpkg.log.1:2024-10-03 11:06:49 status half-installed libgit2-1.5:amd64 1.5.1+ds-1+deb12u1
/var/log/dpkg.log.1:2024-10-03 11:06:49 status unpacked libgit2-1.5:amd64 1.5.1+ds-1+deb12u1
/var/log/dpkg.log.1:2024-10-03 11:06:49 install libgit2-glib-1.0-0:amd64 <none> 1.1.0-1+b1
/var/log/dpkg.log.1:2024-10-03 11:06:49 status half-installed libgit2-glib-1.0-0:amd64 1.1.0-1+b1
/var/log/dpkg.log.1:2024-10-03 11:06:49 status unpacked libgit2-glib-1.0-0:amd64 1.1.0-1+b1
/var/log/dpkg.log.1:2024-10-03 11:06:49 install gitg:amd64 <none> 41-2
/var/log/dpkg.log.1:2024-10-03 11:06:49 status half-installed gitg:amd64 41-2
/var/log/dpkg.log.1:2024-10-03 11:06:50 status unpacked gitg:amd64 41-2
/var/log/dpkg.log.1:2024-10-03 11:06:50 configure git-man:all 1:2.39.5-0+deb12u1 <none>
/var/log/dpkg.log.1:2024-10-03 11:06:50 status unpacked git-man:all 1:2.39.5-0+deb12u1
/var/log/dpkg.log.1:2024-10-03 11:06:50 status half-configured git-man:all 1:2.39.5-0+deb12u1
/var/log/dpkg.log.1:2024-10-03 11:06:50 status installed git-man:all 1:2.39.5-0+deb12u1
/var/log/dpkg.log.1:2024-10-03 11:06:50 configure git:amd64 1:2.39.5-0+deb12u1 <none>
/var/log/dpkg.log.1:2024-10-03 11:06:50 status unpacked git:amd64 1:2.39.5-0+deb12u1
/var/log/dpkg.log.1:2024-10-03 11:06:50 status half-configured git:amd64 1:2.39.5-0+deb12u1
/var/log/dpkg.log.1:2024-10-03 11:06:50 status installed git:amd64 1:2.39.5-0+deb12u1
/var/log/dpkg.log.1:2024-10-03 11:06:50 configure libgit2-1.5:amd64 1.5.1+ds-1+deb12u1 <none>
/var/log/dpkg.log.1:2024-10-03 11:06:50 status unpacked libgit2-1.5:amd64 1.5.1+ds-1+deb12u1
/var/log/dpkg.log.1:2024-10-03 11:06:50 status half-configured libgit2-1.5:amd64 1.5.1+ds-1+deb12u1
/var/log/dpkg.log.1:2024-10-03 11:06:50 status installed libgit2-1.5:amd64 1.5.1+ds-1+deb12u1
/var/log/dpkg.log.1:2024-10-03 11:06:50 configure libgit2-glib-1.0-0:amd64 1.1.0-1+b1 <none>
/var/log/dpkg.log.1:2024-10-03 11:06:50 status unpacked libgit2-glib-1.0-0:amd64 1.1.0-1+b1
/var/log/dpkg.log.1:2024-10-03 11:06:50 status half-configured libgit2-glib-1.0-0:amd64 1.1.0-1+b1
/var/log/dpkg.log.1:2024-10-03 11:06:50 status installed libgit2-glib-1.0-0:amd64 1.1.0-1+b1
/var/log/dpkg.log.1:2024-10-03 11:06:50 configure gitg:amd64 41-2 <none>
/var/log/dpkg.log.1:2024-10-03 11:06:50 status unpacked gitg:amd64 41-2
/var/log/dpkg.log.1:2024-10-03 11:06:50 status half-configured gitg:amd64 41-2
/var/log/dpkg.log.1:2024-10-03 11:06:50 status triggers-awaited gitg:amd64 41-2
/var/log/dpkg.log.1:2024-10-03 11:06:50 status installed gitg:amd64 41-2
/var/log/dpkg.log.1:2024-10-03 11:07:16 install libspatialaudio0:amd64 <none> 0.3.0+git20180730+dfsg1-2+b1
/var/log/dpkg.log.1:2024-10-03 11:07:16 status half-installed libspatialaudio0:amd64 0.3.0+git20180730+dfsg1-2+b1
/var/log/dpkg.log.1:2024-10-03 11:07:16 status unpacked libspatialaudio0:amd64 0.3.0+git20180730+dfsg1-2+b1
/var/log/dpkg.log.1:2024-10-03 11:07:20 configure libspatialaudio0:amd64 0.3.0+git20180730+dfsg1-2+b1 <none>
/var/log/dpkg.log.1:2024-10-03 11:07:20 status unpacked libspatialaudio0:amd64 0.3.0+git20180730+dfsg1-2+b1
/var/log/dpkg.log.1:2024-10-03 11:07:20 status half-configured libspatialaudio0:amd64 0.3.0+git20180730+dfsg1-2+b1
/var/log/dpkg.log.1:2024-10-03 11:07:20 status installed libspatialaudio0:amd64 0.3.0+git20180730+dfsg1-2+b1
/var/log/cups/error_log:W [14/Nov/2024:01:10:32 +0100] Printer drivers are deprecated and will stop working in a future version of CUPS. See https://github.com/OpenPrinting/cups/issues/103
/var/log/cups/error_log:W [14/Nov/2024:01:50:52 +0100] Printer drivers are deprecated and will stop working in a future version of CUPS. See https://github.com/OpenPrinting/cups/issues/103
/var/log/cups/error_log:W [14/Nov/2024:02:10:16 +0100] Printer drivers are deprecated and will stop working in a future version of CUPS. See https://github.com/OpenPrinting/cups/issues/103
/var/log/cups/error_log:W [14/Nov/2024:02:17:57 +0100] Printer drivers are deprecated and will stop working in a future version of CUPS. See https://github.com/OpenPrinting/cups/issues/103
/var/log/cups/error_log:W [14/Nov/2024:02:24:21 +0100] Printer drivers are deprecated and will stop working in a future version of CUPS. See https://github.com/OpenPrinting/cups/issues/103
/var/log/cups/error_log:W [14/Nov/2024:02:38:26 +0100] Printer drivers are deprecated and will stop working in a future version of CUPS. See https://github.com/OpenPrinting/cups/issues/103
/var/log/cups/error_log:W [14/Nov/2024:02:58:11 +0100] Printer drivers are deprecated and will stop working in a future version of CUPS. See https://github.com/OpenPrinting/cups/issues/103
/var/log/cups/error_log:W [14/Nov/2024:03:11:15 +0100] Printer drivers are deprecated and will stop working in a future version of CUPS. See https://github.com/OpenPrinting/cups/issues/103
/var/log/cups/error_log:W [14/Nov/2024:03:16:15 +0100] Printer drivers are deprecated and will stop working in a future version of CUPS. See https://github.com/OpenPrinting/cups/issues/103
/var/log/cups/error_log:W [14/Nov/2024:03:45:48 +0100] Printer drivers are deprecated and will stop working in a future version of CUPS. See https://github.com/OpenPrinting/cups/issues/103
/var/log/cups/error_log:W [14/Nov/2024:03:57:03 +0100] Printer drivers are deprecated and will stop working in a future version of CUPS. See https://github.com/OpenPrinting/cups/issues/103
/var/log/cups/error_log:W [14/Nov/2024:04:01:28 +0100] Printer drivers are deprecated and will stop working in a future version of CUPS. See https://github.com/OpenPrinting/cups/issues/103
/var/log/cups/error_log:W [14/Nov/2024:04:33:16 +0100] Printer drivers are deprecated and will stop working in a future version of CUPS. See https://github.com/OpenPrinting/cups/issues/103
/var/log/cups/error_log:W [14/Nov/2024:04:37:58 +0100] Printer drivers are deprecated and will stop working in a future version of CUPS. See https://github.com/OpenPrinting/cups/issues/103
/var/log/cups/error_log:W [14/Nov/2024:04:49:17 +0100] Printer drivers are deprecated and will stop working in a future version of CUPS. See https://github.com/OpenPrinting/cups/issues/103
/var/log/cups/error_log:W [14/Nov/2024:08:09:55 +0100] Printer drivers are deprecated and will stop working in a future version of CUPS. See https://github.com/OpenPrinting/cups/issues/103
/var/log/cups/error_log:W [14/Nov/2024:08:24:55 +0100] Printer drivers are deprecated and will stop working in a future version of CUPS. See https://github.com/OpenPrinting/cups/issues/103
/var/log/cups/error_log:W [14/Nov/2024:10:10:58 +0100] Printer drivers are deprecated and will stop working in a future version of CUPS. See https://github.com/OpenPrinting/cups/issues/103
/var/log/cups/error_log:W [14/Nov/2024:10:29:42 +0100] Printer drivers are deprecated and will stop working in a future version of CUPS. See https://github.com/OpenPrinting/cups/issues/103
/var/log/cups/error_log:W [14/Nov/2024:10:46:02 +0100] Printer drivers are deprecated and will stop working in a future version of CUPS. See https://github.com/OpenPrinting/cups/issues/103
/var/log/cups/error_log:W [14/Nov/2024:10:57:52 +0100] Printer drivers are deprecated and will stop working in a future version of CUPS. See https://github.com/OpenPrinting/cups/issues/103
/var/log/cups/error_log:W [14/Nov/2024:11:09:02 +0100] Printer drivers are deprecated and will stop working in a future version of CUPS. See https://github.com/OpenPrinting/cups/issues/103
/var/log/cups/error_log.1:W [12/Nov/2024:17:20:43 +0100] Printer drivers are deprecated and will stop working in a future version of CUPS. See https://github.com/OpenPrinting/cups/issues/103
/var/log/apt/term.log:Selecting previously unselected package gitweb.
/var/log/apt/term.log:Preparing to unpack .../4-gitweb_1%3a2.39.5-0+deb12u1_all.deb ...
/var/log/apt/term.log:Unpacking gitweb (1:2.39.5-0+deb12u1) ...
/var/log/apt/term.log:Setting up gitweb (1:2.39.5-0+deb12u1) ...
/var/log/apt/term.log:Package apache2 is not configured yet. Will defer actions by package gitweb.
/var/log/apt/term.log:info: Executing deferred 'a2enconf gitweb' for package gitweb
/var/log/apt/term.log:Enabling conf gitweb.
/var/log/apt/history.log:Commandline: apt install git apache2 git-core gitweb
/var/log/apt/history.log:Install: libfcgi-perl:amd64 (0.82+ds-2, automatic), apache2-data:amd64 (2.4.62-1~deb12u2, automatic), libfcgi0ldbl:amd64 (2.4.2-2, automatic), libcgi-fast-perl:amd64 (1:2.15-1, automatic), apache2-utils:amd64 (2.4.62-1~deb12u2, automatic), apache2:amd64 (2.4.62-1~deb12u2), gitweb:amd64 (1:2.39.5-0+deb12u1), libfcgi-bin:amd64 (2.4.2-2, automatic), libcgi-pm-perl:amd64 (4.55-1, automatic)
