\BOOKMARK [1][-]{section.1}{\376\377\000I\000n\000t\000r\000o\000d\000u\000c\000c\000i\000\363\000n}{}% 1
\BOOKMARK [2][-]{subsection.1.1}{\376\377\000O\000b\000j\000e\000t\000i\000v\000o\000s}{section.1}% 2
\BOOKMARK [2][-]{subsection.1.2}{\376\377\000H\000e\000r\000r\000a\000m\000i\000e\000n\000t\000a\000s\000\040\000y\000\040\000t\000e\000c\000n\000o\000l\000o\000g\000\355\000a\000s\000\040\000u\000t\000i\000l\000i\000z\000a\000d\000a\000s}{section.1}% 3
\BOOKMARK [3][-]{subsubsection.1.2.1}{\376\377\000B\000i\000b\000l\000i\000o\000t\000e\000c\000a\000a\000\040\000p\000r\000i\000n\000c\000i\000p\000a\000l}{subsection.1.2}% 4
\BOOKMARK [3][-]{subsubsection.1.2.2}{\376\377\000B\000i\000b\000l\000i\000o\000t\000e\000c\000a\000s\000\040\000d\000e\000\040\000a\000p\000o\000y\000o}{subsection.1.2}% 5
\BOOKMARK [3][-]{subsubsection.1.2.3}{\376\377\000D\000a\000t\000a\000s\000e\000t}{subsection.1.2}% 6
\BOOKMARK [3][-]{subsubsection.1.2.4}{\376\377\000C\000o\000n\000t\000r\000o\000l\000\040\000d\000e\000\040\000v\000e\000r\000s\000i\000o\000n\000e\000s\000\040\000y\000\040\000d\000o\000c\000u\000m\000e\000n\000t\000a\000c\000i\000\363\000n}{subsection.1.2}% 7
\BOOKMARK [1][-]{section.2}{\376\377\000D\000e\000s\000a\000r\000r\000o\000l\000l\000o}{}% 8
\BOOKMARK [2][-]{subsection.2.1}{\376\377\000P\000r\000e\000p\000r\000o\000c\000e\000s\000a\000m\000i\000e\000n\000t\000o\000\040\000d\000e\000\040\000d\000a\000t\000o\000s}{section.2}% 9
\BOOKMARK [3][-]{subsubsection.2.1.1}{\376\377\000C\000a\000r\000g\000a\000\040\000d\000e\000l\000\040\000d\000a\000t\000a\000s\000e\000t}{subsection.2.1}% 10
\BOOKMARK [3][-]{subsubsection.2.1.2}{\376\377\000N\000o\000r\000m\000a\000l\000i\000z\000a\000c\000i\000\363\000n\000\040\000d\000e\000\040\000l\000a\000s\000\040\000i\000m\000\341\000g\000e\000n\000e\000s}{subsection.2.1}% 11
\BOOKMARK [3][-]{subsubsection.2.1.3}{\376\377\000P\000r\000e\000p\000r\000o\000c\000e\000s\000a\000m\000i\000e\000n\000t\000o\000\040\000e\000s\000p\000e\000c\000\355\000f\000i\000c\000o\000\040\000p\000a\000r\000a\000\040\000M\000L\000P}{subsection.2.1}% 12
\BOOKMARK [3][-]{subsubsection.2.1.4}{\376\377\000C\000o\000d\000i\000f\000i\000c\000a\000c\000i\000\363\000n\000\040\000d\000e\000\040\000e\000t\000i\000q\000u\000e\000t\000a\000s}{subsection.2.1}% 13
\BOOKMARK [3][-]{subsubsection.2.1.5}{\376\377\000C\000o\000n\000s\000i\000d\000e\000r\000a\000c\000i\000o\000n\000e\000s\000\040\000p\000a\000r\000a\000\040\000C\000N\000N}{subsection.2.1}% 14
\BOOKMARK [3][-]{subsubsection.2.1.6}{\376\377\000V\000a\000l\000i\000d\000a\000c\000i\000\363\000n\000\040\000d\000e\000\040\000l\000o\000s\000\040\000d\000a\000t\000o\000s}{subsection.2.1}% 15
\BOOKMARK [2][-]{subsection.2.2}{\376\377\000T\000a\000r\000e\000a\000\040\000A\000:\000\040\000I\000m\000p\000l\000e\000m\000e\000n\000t\000a\000c\000i\000\363\000n\000\040\000b\000\341\000s\000i\000c\000a\000\040\000d\000e\000\040\000M\000L\000P}{section.2}% 16
\BOOKMARK [3][-]{subsubsection.2.2.1}{\376\377\000F\000u\000n\000d\000a\000m\000e\000n\000t\000o\000s\000\040\000t\000e\000\363\000r\000i\000c\000o\000s}{subsection.2.2}% 17
\BOOKMARK [2][-]{subsection.2.3}{\376\377\000T\000a\000r\000e\000a\000\040\000B\000:\000\040\000A\000j\000u\000s\000t\000e\000\040\000d\000e\000l\000\040\000n\000\372\000m\000e\000r\000o\000\040\000d\000e\000\040\000\351\000p\000o\000c\000a\000s}{section.2}% 18
\BOOKMARK [3][-]{subsubsection.2.3.1}{\376\377\000F\000u\000n\000d\000a\000m\000e\000n\000t\000o\000s\000\040\000t\000e\000\363\000r\000i\000c\000o\000s}{subsection.2.3}% 19
\BOOKMARK [3][-]{subsubsection.2.3.2}{\376\377\000E\000x\000p\000e\000r\000i\000m\000e\000n\000t\000a\000c\000i\000\363\000n}{subsection.2.3}% 20
\BOOKMARK [3][-]{subsubsection.2.3.3}{\376\377\000R\000e\000s\000u\000l\000t\000a\000d\000o\000s\000\040\000y\000\040\000a\000n\000\341\000l\000i\000s\000i\000s}{subsection.2.3}% 21
\BOOKMARK [2][-]{subsection.2.4}{\376\377\000T\000a\000r\000e\000a\000\040\000C\000:\000\040\000A\000j\000u\000s\000t\000e\000\040\000d\000e\000l\000\040\000t\000a\000m\000a\000\361\000o\000\040\000d\000e\000\040\000b\000a\000t\000c\000h}{section.2}% 22
\BOOKMARK [3][-]{subsubsection.2.4.1}{\376\377\000F\000u\000n\000d\000a\000m\000e\000n\000t\000o\000s\000\040\000t\000e\000\363\000r\000i\000c\000o\000s}{subsection.2.4}% 23
\BOOKMARK [3][-]{subsubsection.2.4.2}{\376\377\000E\000x\000p\000e\000r\000i\000m\000e\000n\000t\000a\000c\000i\000\363\000n}{subsection.2.4}% 24
\BOOKMARK [3][-]{subsubsection.2.4.3}{\376\377\000R\000e\000s\000u\000l\000t\000a\000d\000o\000s\000\040\000y\000\040\000a\000n\000\341\000l\000i\000s\000i\000s}{subsection.2.4}% 25
\BOOKMARK [2][-]{subsection.2.5}{\376\377\000T\000a\000r\000e\000a\000\040\000D\000:\000\040\000F\000u\000n\000c\000i\000o\000n\000e\000s\000\040\000d\000e\000\040\000a\000c\000t\000i\000v\000a\000c\000i\000\363\000n}{section.2}% 26
\BOOKMARK [3][-]{subsubsection.2.5.1}{\376\377\000F\000u\000n\000d\000a\000m\000e\000n\000t\000o\000s\000\040\000t\000e\000\363\000r\000i\000c\000o\000s}{subsection.2.5}% 27
\BOOKMARK [3][-]{subsubsection.2.5.2}{\376\377\000E\000x\000p\000e\000r\000i\000m\000e\000n\000t\000a\000c\000i\000\363\000n}{subsection.2.5}% 28
\BOOKMARK [3][-]{subsubsection.2.5.3}{\376\377\000R\000e\000s\000u\000l\000t\000a\000d\000o\000s\000\040\000y\000\040\000a\000n\000\341\000l\000i\000s\000i\000s}{subsection.2.5}% 29
\BOOKMARK [2][-]{subsection.2.6}{\376\377\000T\000a\000r\000e\000a\000\040\000E\000:\000\040\000A\000j\000u\000s\000t\000e\000\040\000d\000e\000l\000\040\000n\000\372\000m\000e\000r\000o\000\040\000d\000e\000\040\000n\000e\000u\000r\000o\000n\000a\000s}{section.2}% 30
\BOOKMARK [3][-]{subsubsection.2.6.1}{\376\377\000F\000u\000n\000d\000a\000m\000e\000n\000t\000o\000s\000\040\000t\000e\000\363\000r\000i\000c\000o\000s}{subsection.2.6}% 31
\BOOKMARK [3][-]{subsubsection.2.6.2}{\376\377\000E\000x\000p\000e\000r\000i\000m\000e\000n\000t\000a\000c\000i\000\363\000n}{subsection.2.6}% 32
\BOOKMARK [3][-]{subsubsection.2.6.3}{\376\377\000R\000e\000s\000u\000l\000t\000a\000d\000o\000s\000\040\000y\000\040\000a\000n\000\341\000l\000i\000s\000i\000s}{subsection.2.6}% 33
\BOOKMARK [2][-]{subsection.2.7}{\376\377\000T\000a\000r\000e\000a\000\040\000F\000:\000\040\000O\000p\000t\000i\000m\000i\000z\000a\000c\000i\000\363\000n\000\040\000d\000e\000\040\000M\000L\000P\000\040\000m\000u\000l\000t\000i\000c\000a\000p\000a}{section.2}% 34
\BOOKMARK [3][-]{subsubsection.2.7.1}{\376\377\000F\000u\000n\000d\000a\000m\000e\000n\000t\000o\000s\000\040\000t\000e\000\363\000r\000i\000c\000o\000s}{subsection.2.7}% 35
\BOOKMARK [3][-]{subsubsection.2.7.2}{\376\377\000E\000x\000p\000e\000r\000i\000m\000e\000n\000t\000a\000c\000i\000\363\000n}{subsection.2.7}% 36
\BOOKMARK [3][-]{subsubsection.2.7.3}{\376\377\000R\000e\000s\000u\000l\000t\000a\000d\000o\000s\000\040\000y\000\040\000a\000n\000\341\000l\000i\000s\000i\000s}{subsection.2.7}% 37
\BOOKMARK [2][-]{subsection.2.8}{\376\377\000T\000a\000r\000e\000a\000\040\000G\000:\000\040\000I\000m\000p\000l\000e\000m\000e\000n\000t\000a\000c\000i\000\363\000n\000\040\000d\000e\000\040\000C\000N\000N}{section.2}% 38
\BOOKMARK [3][-]{subsubsection.2.8.1}{\376\377\000F\000u\000n\000d\000a\000m\000e\000n\000t\000o\000s\000\040\000t\000e\000\363\000r\000i\000c\000o\000s}{subsection.2.8}% 39
\BOOKMARK [3][-]{subsubsection.2.8.2}{\376\377\000E\000x\000p\000e\000r\000i\000m\000e\000n\000t\000a\000c\000i\000\363\000n}{subsection.2.8}% 40
\BOOKMARK [3][-]{subsubsection.2.8.3}{\376\377\000R\000e\000s\000u\000l\000t\000a\000d\000o\000s\000\040\000y\000\040\000a\000n\000\341\000l\000i\000s\000i\000s}{subsection.2.8}% 41
\BOOKMARK [2][-]{subsection.2.9}{\376\377\000T\000a\000r\000e\000a\000\040\000H\000:\000\040\000A\000j\000u\000s\000t\000e\000\040\000d\000e\000l\000\040\000t\000a\000m\000a\000\361\000o\000\040\000d\000e\000\040\000k\000e\000r\000n\000e\000l}{section.2}% 42
\BOOKMARK [3][-]{subsubsection.2.9.1}{\376\377\000F\000u\000n\000d\000a\000m\000e\000n\000t\000o\000s\000\040\000t\000e\000\363\000r\000i\000c\000o\000s}{subsection.2.9}% 43
\BOOKMARK [3][-]{subsubsection.2.9.2}{\376\377\000E\000x\000p\000e\000r\000i\000m\000e\000n\000t\000a\000c\000i\000\363\000n}{subsection.2.9}% 44
\BOOKMARK [3][-]{subsubsection.2.9.3}{\376\377\000R\000e\000s\000u\000l\000t\000a\000d\000o\000s\000\040\000y\000\040\000a\000n\000\341\000l\000i\000s\000i\000s}{subsection.2.9}% 45
\BOOKMARK [2][-]{subsection.2.10}{\376\377\000T\000a\000r\000e\000a\000\040\000I\000:\000\040\000O\000p\000t\000i\000m\000i\000z\000a\000c\000i\000\363\000n\000\040\000d\000e\000\040\000l\000a\000\040\000a\000r\000q\000u\000i\000t\000e\000c\000t\000u\000r\000a\000\040\000C\000N\000N}{section.2}% 46
\BOOKMARK [3][-]{subsubsection.2.10.1}{\376\377\000F\000u\000n\000d\000a\000m\000e\000n\000t\000o\000s\000\040\000t\000e\000\363\000r\000i\000c\000o\000s}{subsection.2.10}% 47
\BOOKMARK [3][-]{subsubsection.2.10.2}{\376\377\000E\000x\000p\000e\000r\000i\000m\000e\000n\000t\000a\000c\000i\000\363\000n}{subsection.2.10}% 48
\BOOKMARK [3][-]{subsubsection.2.10.3}{\376\377\000R\000e\000s\000u\000l\000t\000a\000d\000o\000s\000\040\000y\000\040\000a\000n\000\341\000l\000i\000s\000i\000s}{subsection.2.10}% 49
\BOOKMARK [1][-]{section.3}{\376\377\000C\000o\000n\000c\000l\000u\000s\000i\000o\000n\000e\000s}{}% 50
\BOOKMARK [1][-]{section.4}{\376\377\000B\000i\000b\000l\000i\000o\000g\000r\000a\000f\000\355\000a}{}% 51
\BOOKMARK [1][-]{appendix.Alph1}{\376\377\000A\000n\000e\000x\000o\000s}{}% 52
